-------------------------------------------------------------------------------
Test set: main_package.service.UserActionServiceTest
-------------------------------------------------------------------------------
Tests run: 2, Failures: 0, Errors: 2, Skipped: 0, Time elapsed: 75.663 s <<< FAILURE! - in main_package.service.UserActionServiceTest
testCreateUser  Time elapsed: 0.017 s  <<< ERROR!
java.lang.IllegalStateException: Failed to load ApplicationContext for [MergedContextConfiguration@7604198a testClass = main_package.service.UserActionServiceTest, locations = [], classes = [main_package.Application], contextInitializerClasses = [], activeProfiles = [], propertySourceLocations = [], propertySourceProperties = ["org.springframework.boot.test.context.SpringBootTestContextBootstrapper=true"], contextCustomizers = [org.springframework.boot.test.context.filter.ExcludeFilterContextCustomizer@55a147cc, org.springframework.boot.test.json.DuplicateJsonObjectContextCustomizerFactory$DuplicateJsonObjectContextCustomizer@4145bad8, org.springframework.boot.test.mock.mockito.MockitoContextCustomizer@0, org.springframework.boot.test.web.client.TestRestTemplateContextCustomizer@1530c739, org.springframework.boot.test.autoconfigure.actuate.observability.ObservabilityContextCustomizerFactory$DisableObservabilityContextCustomizer@9da1, org.springframework.boot.test.autoconfigure.properties.PropertyMappingContextCustomizer@0, org.springframework.boot.test.autoconfigure.web.servlet.WebDriverContextCustomizerFactory$Customizer@4be29ed9, org.springframework.test.context.support.DynamicPropertiesContextCustomizer@da7cdae4, org.springframework.boot.test.context.SpringBootTestAnnotation@b2fce02d], contextLoader = org.springframework.boot.test.context.SpringBootContextLoader, parent = null]
Caused by: org.springframework.beans.factory.UnsatisfiedDependencyException: Error creating bean with name 'userActionService': Unsatisfied dependency expressed through field 'session': Error creating bean with name 'cqlSession' defined in class path resource [main_package/DbConfig.class]: Failed to instantiate [com.datastax.oss.driver.api.core.CqlSession]: Factory method 'cqlSession' threw exception with message: Could not reach any contact point, make sure you've provided valid addresses (showing first 1 nodes, use getAllErrors() for more): Node(endPoint=localhost/<unresolved>:9042, hostId=null, hashCode=3145bd90): [com.datastax.oss.driver.api.core.connection.ConnectionInitException: [s0|control|connecting...] Protocol initialization request, step 1 (OPTIONS): failed to send request (io.netty.channel.StacklessClosedChannelException)]
Caused by: org.springframework.beans.factory.BeanCreationException: Error creating bean with name 'cqlSession' defined in class path resource [main_package/DbConfig.class]: Failed to instantiate [com.datastax.oss.driver.api.core.CqlSession]: Factory method 'cqlSession' threw exception with message: Could not reach any contact point, make sure you've provided valid addresses (showing first 1 nodes, use getAllErrors() for more): Node(endPoint=localhost/<unresolved>:9042, hostId=null, hashCode=3145bd90): [com.datastax.oss.driver.api.core.connection.ConnectionInitException: [s0|control|connecting...] Protocol initialization request, step 1 (OPTIONS): failed to send request (io.netty.channel.StacklessClosedChannelException)]
Caused by: org.springframework.beans.BeanInstantiationException: Failed to instantiate [com.datastax.oss.driver.api.core.CqlSession]: Factory method 'cqlSession' threw exception with message: Could not reach any contact point, make sure you've provided valid addresses (showing first 1 nodes, use getAllErrors() for more): Node(endPoint=localhost/<unresolved>:9042, hostId=null, hashCode=3145bd90): [com.datastax.oss.driver.api.core.connection.ConnectionInitException: [s0|control|connecting...] Protocol initialization request, step 1 (OPTIONS): failed to send request (io.netty.channel.StacklessClosedChannelException)]
Caused by: com.datastax.oss.driver.api.core.AllNodesFailedException: Could not reach any contact point, make sure you've provided valid addresses (showing first 1 nodes, use getAllErrors() for more): Node(endPoint=localhost/<unresolved>:9042, hostId=null, hashCode=3145bd90): [com.datastax.oss.driver.api.core.connection.ConnectionInitException: [s0|control|connecting...] Protocol initialization request, step 1 (OPTIONS): failed to send request (io.netty.channel.StacklessClosedChannelException)]

testGetUserById  Time elapsed: 0.001 s  <<< ERROR!
java.lang.IllegalStateException: Failed to load ApplicationContext for [MergedContextConfiguration@7604198a testClass = main_package.service.UserActionServiceTest, locations = [], classes = [main_package.Application], contextInitializerClasses = [], activeProfiles = [], propertySourceLocations = [], propertySourceProperties = ["org.springframework.boot.test.context.SpringBootTestContextBootstrapper=true"], contextCustomizers = [org.springframework.boot.test.context.filter.ExcludeFilterContextCustomizer@55a147cc, org.springframework.boot.test.json.DuplicateJsonObjectContextCustomizerFactory$DuplicateJsonObjectContextCustomizer@4145bad8, org.springframework.boot.test.mock.mockito.MockitoContextCustomizer@0, org.springframework.boot.test.web.client.TestRestTemplateContextCustomizer@1530c739, org.springframework.boot.test.autoconfigure.actuate.observability.ObservabilityContextCustomizerFactory$DisableObservabilityContextCustomizer@9da1, org.springframework.boot.test.autoconfigure.properties.PropertyMappingContextCustomizer@0, org.springframework.boot.test.autoconfigure.web.servlet.WebDriverContextCustomizerFactory$Customizer@4be29ed9, org.springframework.test.context.support.DynamicPropertiesContextCustomizer@da7cdae4, org.springframework.boot.test.context.SpringBootTestAnnotation@b2fce02d], contextLoader = org.springframework.boot.test.context.SpringBootContextLoader, parent = null]
Caused by: org.springframework.beans.factory.UnsatisfiedDependencyException: Error creating bean with name 'userActionService': Unsatisfied dependency expressed through field 'session': Error creating bean with name 'cqlSession' defined in class path resource [main_package/DbConfig.class]: Failed to instantiate [com.datastax.oss.driver.api.core.CqlSession]: Factory method 'cqlSession' threw exception with message: Could not reach any contact point, make sure you've provided valid addresses (showing first 1 nodes, use getAllErrors() for more): Node(endPoint=localhost/<unresolved>:9042, hostId=null, hashCode=1e7ecaeb): [com.datastax.oss.driver.api.core.connection.ConnectionInitException: [s1|control|connecting...] Protocol initialization request, step 1 (OPTIONS): failed to send request (io.netty.channel.StacklessClosedChannelException)]
Caused by: org.springframework.beans.factory.BeanCreationException: Error creating bean with name 'cqlSession' defined in class path resource [main_package/DbConfig.class]: Failed to instantiate [com.datastax.oss.driver.api.core.CqlSession]: Factory method 'cqlSession' threw exception with message: Could not reach any contact point, make sure you've provided valid addresses (showing first 1 nodes, use getAllErrors() for more): Node(endPoint=localhost/<unresolved>:9042, hostId=null, hashCode=1e7ecaeb): [com.datastax.oss.driver.api.core.connection.ConnectionInitException: [s1|control|connecting...] Protocol initialization request, step 1 (OPTIONS): failed to send request (io.netty.channel.StacklessClosedChannelException)]
Caused by: org.springframework.beans.BeanInstantiationException: Failed to instantiate [com.datastax.oss.driver.api.core.CqlSession]: Factory method 'cqlSession' threw exception with message: Could not reach any contact point, make sure you've provided valid addresses (showing first 1 nodes, use getAllErrors() for more): Node(endPoint=localhost/<unresolved>:9042, hostId=null, hashCode=1e7ecaeb): [com.datastax.oss.driver.api.core.connection.ConnectionInitException: [s1|control|connecting...] Protocol initialization request, step 1 (OPTIONS): failed to send request (io.netty.channel.StacklessClosedChannelException)]
Caused by: com.datastax.oss.driver.api.core.AllNodesFailedException: Could not reach any contact point, make sure you've provided valid addresses (showing first 1 nodes, use getAllErrors() for more): Node(endPoint=localhost/<unresolved>:9042, hostId=null, hashCode=1e7ecaeb): [com.datastax.oss.driver.api.core.connection.ConnectionInitException: [s1|control|connecting...] Protocol initialization request, step 1 (OPTIONS): failed to send request (io.netty.channel.StacklessClosedChannelException)]

