<?xml version="1.0" encoding="UTF-8"?>
<testsuite xmlns:xsi="http://www.w3.org/2001/XMLSchema-instance" xsi:noNamespaceSchemaLocation="https://maven.apache.org/surefire/maven-surefire-plugin/xsd/surefire-test-report.xsd" name="main_package.service.UserActionServiceTest" time="65.655" tests="1" errors="1" skipped="0" failures="0">
  <properties>
[...]
</properties>
  <testcase name="main_package.service.UserActionServiceTest" classname="main_package.service.UserActionServiceTest" time="65.596">
    <error message="Container startup failed for image cassandra:4.1.3" type="org.testcontainers.containers.ContainerLaunchException">org.testcontainers.containers.ContainerLaunchException: Container startup failed for image cassandra:4.1.3
Caused by: org.rnorth.ducttape.RetryCountExceededException: Retry limit hit with exception
Caused by: org.testcontainers.containers.ContainerLaunchException: Could not create/start container
Caused by: org.testcontainers.containers.ContainerLaunchException: Timed out waiting for log output matching '.*Created default superuser role 'cassandra'.*'
</error>
    <system-out><![CDATA[15:39:00.833 [main] DEBUG org.springframework.boot.test.context.SpringBootTestContextBootstrapper - Neither @ContextConfiguration nor @ContextHierarchy found for test class [UserActionServiceTest]: using SpringBootContextLoader
15:39:00.842 [main] DEBUG org.springframework.test.context.support.AbstractContextLoader - Could not detect default resource locations for test class [main_package.service.UserActionServiceTest]: no resource found for suffixes {-context.xml, Context.groovy}.
15:39:00.890 [main] DEBUG org.springframework.boot.test.context.SpringBootTestContextBootstrapper - Using ContextCustomizers for test class [UserActionServiceTest]: [ExcludeFilterContextCustomizer, DuplicateJsonObjectContextCustomizer, MockitoContextCustomizer, TestRestTemplateContextCustomizer, DisableObservabilityContextCustomizer, PropertyMappingContextCustomizer, Customizer, DynamicPropertiesContextCustomizer]
15:39:01.065 [main] DEBUG org.springframework.test.context.util.TestContextSpringFactoriesUtils - Skipping candidate TestExecutionListener [org.springframework.test.context.web.ServletTestExecutionListener] due to a missing dependency. Specify custom TestExecutionListener classes or make the default TestExecutionListener classes and their required dependencies available. Offending class: [jakarta/servlet/ServletContext]
15:39:01.085 [main] DEBUG org.springframework.boot.test.context.SpringBootTestContextBootstrapper - Using TestExecutionListeners for test class [UserActionServiceTest]: [DirtiesContextBeforeModesTestExecutionListener, ApplicationEventsTestExecutionListener, MockitoTestExecutionListener, DependencyInjectionTestExecutionListener, DirtiesContextTestExecutionListener, TransactionalTestExecutionListener, SqlScriptsTestExecutionListener, EventPublishingTestExecutionListener, ResetMocksTestExecutionListener, RestDocsTestExecutionListener, MockRestServiceServerResetTestExecutionListener, MockMvcPrintOnlyOnFailureTestExecutionListener, WebDriverTestExecutionListener, MockWebServiceServerTestExecutionListener]
15:39:01.087 [main] DEBUG org.springframework.test.context.support.AbstractDirtiesContextTestExecutionListener - Before test class: class [UserActionServiceTest], class annotated with @DirtiesContext [false] with mode [null]
15:39:01.139 [main] DEBUG org.testcontainers.utility.TestcontainersConfiguration - Testcontainers configuration overrides will be loaded from file:/C:/Users/HP/.testcontainers.properties
15:39:01.143 [main] INFO org.testcontainers.images.PullPolicy - Image pull policy will be performed by: DefaultPullPolicy()
15:39:01.145 [main] INFO org.testcontainers.utility.ImageNameSubstitutor - Image name substitution will be performed by: DefaultImageNameSubstitutor (composite of 'ConfigurationFileImageNameSubstitutor' and 'PrefixingImageNameSubstitutor')
15:39:01.589 [main] INFO org.testcontainers.dockerclient.DockerClientProviderStrategy - Loaded org.testcontainers.dockerclient.NpipeSocketClientProviderStrategy from ~/.testcontainers.properties, will try it first
15:39:01.596 [main] DEBUG org.testcontainers.dockerclient.DockerClientProviderStrategy - Trying out strategy: NpipeSocketClientProviderStrategy
15:39:01.895 [main] DEBUG org.testcontainers.shaded.com.github.dockerjava.core.command.AbstrDockerCmd - Cmd: 
15:39:01.956 [main] DEBUG com.github.dockerjava.zerodep.shaded.org.apache.hc.client5.http.impl.classic.InternalHttpClient - ex-00000001: preparing request execution
15:39:01.965 [main] DEBUG com.github.dockerjava.zerodep.shaded.org.apache.hc.client5.http.protocol.RequestAddCookies - Cookie spec selected: strict
15:39:01.976 [main] DEBUG com.github.dockerjava.zerodep.shaded.org.apache.hc.client5.http.protocol.RequestAuthCache - Auth cache not set in the context
15:39:01.976 [main] DEBUG com.github.dockerjava.zerodep.shaded.org.apache.hc.client5.http.impl.classic.ProtocolExec - ex-00000001: target auth state: UNCHALLENGED
15:39:01.977 [main] DEBUG com.github.dockerjava.zerodep.shaded.org.apache.hc.client5.http.impl.classic.ProtocolExec - ex-00000001: proxy auth state: UNCHALLENGED
15:39:01.978 [main] DEBUG com.github.dockerjava.zerodep.shaded.org.apache.hc.client5.http.impl.classic.ConnectExec - ex-00000001: acquiring connection with route {}->npipe://localhost:2375
15:39:01.978 [main] DEBUG com.github.dockerjava.zerodep.shaded.org.apache.hc.client5.http.impl.classic.InternalHttpClient - ex-00000001: acquiring endpoint (3 MINUTES)
15:39:01.981 [main] DEBUG com.github.dockerjava.zerodep.shaded.org.apache.hc.client5.http.impl.io.PoolingHttpClientConnectionManager - ex-00000001: endpoint lease request (3 MINUTES) [route: {}->npipe://localhost:2375][total available: 0; route allocated: 0 of 2147483647; total allocated: 0 of 2147483647]
15:39:01.987 [main] DEBUG com.github.dockerjava.zerodep.shaded.org.apache.hc.client5.http.impl.io.PoolingHttpClientConnectionManager - ex-00000001: endpoint leased [route: {}->npipe://localhost:2375][total available: 0; route allocated: 1 of 2147483647; total allocated: 1 of 2147483647]
15:39:02.006 [main] DEBUG com.github.dockerjava.zerodep.shaded.org.apache.hc.client5.http.impl.io.PoolingHttpClientConnectionManager - ex-00000001: acquired ep-00000000
15:39:02.007 [main] DEBUG com.github.dockerjava.zerodep.shaded.org.apache.hc.client5.http.impl.classic.InternalHttpClient - ex-00000001: acquired endpoint ep-00000000
15:39:02.007 [main] DEBUG com.github.dockerjava.zerodep.shaded.org.apache.hc.client5.http.impl.classic.ConnectExec - ex-00000001: opening connection {}->npipe://localhost:2375
15:39:02.007 [main] DEBUG com.github.dockerjava.zerodep.shaded.org.apache.hc.client5.http.impl.classic.InternalHttpClient - ep-00000000: connecting endpoint (3 MINUTES)
15:39:02.008 [main] DEBUG com.github.dockerjava.zerodep.shaded.org.apache.hc.client5.http.impl.io.PoolingHttpClientConnectionManager - ep-00000000: connecting endpoint to npipe://localhost:2375 (3 MINUTES)
15:39:02.015 [main] DEBUG com.github.dockerjava.zerodep.shaded.org.apache.hc.client5.http.impl.io.DefaultHttpClientConnectionOperator - http-outgoing-0: connecting to localhost/127.0.0.1:2375
15:39:02.016 [main] DEBUG com.github.dockerjava.zerodep.shaded.org.apache.hc.client5.http.impl.io.DefaultHttpClientConnectionOperator - http-outgoing-0: connection established 
15:39:02.016 [main] DEBUG com.github.dockerjava.zerodep.shaded.org.apache.hc.client5.http.impl.io.PoolingHttpClientConnectionManager - ep-00000000: connected http-outgoing-0
15:39:02.017 [main] DEBUG com.github.dockerjava.zerodep.shaded.org.apache.hc.client5.http.impl.classic.InternalHttpClient - ep-00000000: endpoint connected
15:39:02.017 [main] DEBUG com.github.dockerjava.zerodep.shaded.org.apache.hc.client5.http.impl.classic.MainClientExec - ex-00000001: executing GET /v1.32/info HTTP/1.1
15:39:02.018 [main] DEBUG com.github.dockerjava.zerodep.shaded.org.apache.hc.client5.http.impl.classic.InternalHttpClient - ep-00000000: start execution ex-00000001
15:39:02.019 [main] DEBUG com.github.dockerjava.zerodep.shaded.org.apache.hc.client5.http.impl.io.PoolingHttpClientConnectionManager - ep-00000000: executing exchange ex-00000001 over http-outgoing-0
15:39:02.020 [main] DEBUG com.github.dockerjava.zerodep.shaded.org.apache.hc.client5.http.headers - http-outgoing-0 >> GET /v1.32/info HTTP/1.1
15:39:02.020 [main] DEBUG com.github.dockerjava.zerodep.shaded.org.apache.hc.client5.http.headers - http-outgoing-0 >> x-tc-sid: 39fd1862-5e0e-4318-8721-e9f779ad8699
15:39:02.020 [main] DEBUG com.github.dockerjava.zerodep.shaded.org.apache.hc.client5.http.headers - http-outgoing-0 >> User-Agent: tc-java/1.19.3
15:39:02.020 [main] DEBUG com.github.dockerjava.zerodep.shaded.org.apache.hc.client5.http.headers - http-outgoing-0 >> Accept-Encoding: gzip, x-gzip, deflate
15:39:02.020 [main] DEBUG com.github.dockerjava.zerodep.shaded.org.apache.hc.client5.http.headers - http-outgoing-0 >> Host: localhost:2375
15:39:02.020 [main] DEBUG com.github.dockerjava.zerodep.shaded.org.apache.hc.client5.http.headers - http-outgoing-0 >> Connection: keep-alive
15:39:02.020 [main] DEBUG com.github.dockerjava.zerodep.shaded.org.apache.hc.client5.http.wire - http-outgoing-0 >> "GET /v1.32/info HTTP/1.1[\r][\n]"
15:39:02.020 [main] DEBUG com.github.dockerjava.zerodep.shaded.org.apache.hc.client5.http.wire - http-outgoing-0 >> "x-tc-sid: 39fd1862-5e0e-4318-8721-e9f779ad8699[\r][\n]"
15:39:02.020 [main] DEBUG com.github.dockerjava.zerodep.shaded.org.apache.hc.client5.http.wire - http-outgoing-0 >> "User-Agent: tc-java/1.19.3[\r][\n]"
15:39:02.020 [main] DEBUG com.github.dockerjava.zerodep.shaded.org.apache.hc.client5.http.wire - http-outgoing-0 >> "Accept-Encoding: gzip, x-gzip, deflate[\r][\n]"
15:39:02.020 [main] DEBUG com.github.dockerjava.zerodep.shaded.org.apache.hc.client5.http.wire - http-outgoing-0 >> "Host: localhost:2375[\r][\n]"
15:39:02.020 [main] DEBUG com.github.dockerjava.zerodep.shaded.org.apache.hc.client5.http.wire - http-outgoing-0 >> "Connection: keep-alive[\r][\n]"
15:39:02.020 [main] DEBUG com.github.dockerjava.zerodep.shaded.org.apache.hc.client5.http.wire - http-outgoing-0 >> "[\r][\n]"
15:39:02.167 [main] DEBUG com.github.dockerjava.zerodep.shaded.org.apache.hc.client5.http.wire - http-outgoing-0 << "HTTP/1.1 200 OK[\r][\n]"
15:39:02.168 [main] DEBUG com.github.dockerjava.zerodep.shaded.org.apache.hc.client5.http.wire - http-outgoing-0 << "Api-Version: 1.48[\r][\n]"
15:39:02.168 [main] DEBUG com.github.dockerjava.zerodep.shaded.org.apache.hc.client5.http.wire - http-outgoing-0 << "Content-Type: application/json[\r][\n]"
15:39:02.168 [main] DEBUG com.github.dockerjava.zerodep.shaded.org.apache.hc.client5.http.wire - http-outgoing-0 << "Date: Fri, 23 May 2025 12:39:02 GMT[\r][\n]"
15:39:02.168 [main] DEBUG com.github.dockerjava.zerodep.shaded.org.apache.hc.client5.http.wire - http-outgoing-0 << "Docker-Experimental: false[\r][\n]"
15:39:02.168 [main] DEBUG com.github.dockerjava.zerodep.shaded.org.apache.hc.client5.http.wire - http-outgoing-0 << "Ostype: linux[\r][\n]"
15:39:02.169 [main] DEBUG com.github.dockerjava.zerodep.shaded.org.apache.hc.client5.http.wire - http-outgoing-0 << "Server: Docker/28.0.1 (linux)[\r][\n]"
15:39:02.169 [main] DEBUG com.github.dockerjava.zerodep.shaded.org.apache.hc.client5.http.wire - http-outgoing-0 << "Transfer-Encoding: chunked[\r][\n]"
15:39:02.169 [main] DEBUG com.github.dockerjava.zerodep.shaded.org.apache.hc.client5.http.wire - http-outgoing-0 << "[\r][\n]"
15:39:02.174 [main] DEBUG com.github.dockerjava.zerodep.shaded.org.apache.hc.client5.http.headers - http-outgoing-0 << HTTP/1.1 200 OK
15:39:02.174 [main] DEBUG com.github.dockerjava.zerodep.shaded.org.apache.hc.client5.http.headers - http-outgoing-0 << Api-Version: 1.48
15:39:02.174 [main] DEBUG com.github.dockerjava.zerodep.shaded.org.apache.hc.client5.http.headers - http-outgoing-0 << Content-Type: application/json
15:39:02.174 [main] DEBUG com.github.dockerjava.zerodep.shaded.org.apache.hc.client5.http.headers - http-outgoing-0 << Date: Fri, 23 May 2025 12:39:02 GMT
15:39:02.174 [main] DEBUG com.github.dockerjava.zerodep.shaded.org.apache.hc.client5.http.headers - http-outgoing-0 << Docker-Experimental: false
15:39:02.174 [main] DEBUG com.github.dockerjava.zerodep.shaded.org.apache.hc.client5.http.headers - http-outgoing-0 << Ostype: linux
15:39:02.174 [main] DEBUG com.github.dockerjava.zerodep.shaded.org.apache.hc.client5.http.headers - http-outgoing-0 << Server: Docker/28.0.1 (linux)
15:39:02.174 [main] DEBUG com.github.dockerjava.zerodep.shaded.org.apache.hc.client5.http.headers - http-outgoing-0 << Transfer-Encoding: chunked
15:39:02.183 [main] DEBUG com.github.dockerjava.zerodep.shaded.org.apache.hc.client5.http.impl.classic.MainClientExec - ex-00000001: connection can be kept alive for 3 MINUTES
15:39:02.189 [main] DEBUG com.github.dockerjava.zerodep.shaded.org.apache.hc.client5.http.wire - http-outgoing-0 << "ad5[\r][\n]"
15:39:02.190 [main] DEBUG com.github.dockerjava.zerodep.shaded.org.apache.hc.client5.http.wire - http-outgoing-0 << "{"ID":"5924107f-415e-443b-8155-4faef06a92d6","Containers":2,"ContainersRunning":1,"ContainersPaused":0,"ContainersStopped":1,"Images":10,"Driver":"overlay2","DriverStatus":[["Backing Filesystem","extfs"],["Supports d_type","true"],["Using metacopy","false"],["Native Overlay Diff","true"],["userxattr","false"]],"Plugins":{"Volume":["local"],"Network":["bridge","host","ipvlan","macvlan","null","overlay"],"Authorization":null,"Log":["awslogs","fluentd","gcplogs","gelf","journald","json-file","local","splunk","syslog"]},"MemoryLimit":true,"SwapLimit":true,"KernelMemory":true,"KernelMemoryTCP":true,"CpuCfsPeriod":true,"CpuCfsQuota":true,"CPUShares":true,"CPUSet":true,"PidsLimit":true,"IPv4Forwarding":true,"BridgeNfIptables":false,"BridgeNfIp6tables":false,"Debug":false,"NFd":81,"OomKillDisable":true,"NGoroutines":100,"SystemTime":"2025-05-23T12:39:02.06518719Z","LoggingDriver":"json-file","CgroupDriver":"cgroupfs","CgroupVersion":"1","NEventsListener":21,"KernelVersion":"5.15.167.4-microsoft-standard-WSL2","OperatingSystem":"Docker Desktop","OSVersion":"","OSType":"linux","Architecture":"x86_64","IndexServerAddress":"https://index.docker.io/v1/","RegistryConfig":{"IndexConfigs":{"docker.io":{"Name":"docker.io","Mirrors":[],"Secure":true,"Official":true},"hubproxy.docker.internal:5555":{"Name":"hubproxy.docker.internal:5555","Mirrors":[],"Secure":false,"Official":false}},"InsecureRegistryCIDRs":["::1/128","127.0.0.0/8"],"Mirrors":null},"NCPU":6,"MemTotal":3841138688,"GenericResources":null,"DockerRootDir":"/var/lib/docker","HttpProxy":"http.docker.internal:3128","HttpsProxy":"http.docker.internal:3128","NoProxy":"hubproxy.docker.internal","Name":"docker-desktop","Labels":["com.docker.desktop.address=npipe://\\\\.\\pipe\\docker_cli"],"ExperimentalBuild":false,"ServerVersion":"28.0.1","Runtimes":{"io.containerd.runc.v2":{"path":"runc"},"nvidia":{"path":"nvidia-container-runtime"},"runc":{"path":"runc"}},"DefaultRuntime":"runc","Swarm":{"NodeID":"","NodeAddr":"","LocalNodeState":"inactive","ControlAvailable":false,"Error":"","RemoteManagers":null},"LiveRestoreEnabled":false,"Isolation":"","InitBinary":"docker-init","ContainerdCommit":{"ID":"bcc810d6b9066471b0b6fa75f557a15a1cbf31bb","Expected":"bcc810d6b9066471b0b6fa75f557a15a1cbf31bb"},"RuncCommit":{"ID":"v1.2.4-0-g6c52b3f","Expected":"v1.2.4-0-g6c52b3f"},"InitCommit":{"ID":"de40ad0","Expected":"de40ad0"},"SecurityOptions":["name=seccomp,profile=unconfined"],"CDISpecDirs":["/etc/cdi","/var/run/cdi"],"Warnings":["WARNING: No blkio throttle.read_bps_device support","WARNING: No blkio throttle.write_bps_device support","WARNING: No blkio throttle.read_iops_device support","WARNING: No blkio throttle.write_iops_device support","WARNING: daemon is not using the default seccomp profile"]}[\r][\n]"
15:39:02.288 [main] DEBUG com.github.dockerjava.zerodep.shaded.org.apache.hc.client5.http.wire - http-outgoing-0 << "0[\r][\n]"
15:39:02.288 [main] DEBUG com.github.dockerjava.zerodep.shaded.org.apache.hc.client5.http.wire - http-outgoing-0 << "[\r][\n]"
15:39:02.290 [main] DEBUG com.github.dockerjava.zerodep.shaded.org.apache.hc.client5.http.impl.classic.InternalHttpClient - ep-00000000: releasing valid endpoint
15:39:02.290 [main] DEBUG com.github.dockerjava.zerodep.shaded.org.apache.hc.client5.http.impl.io.PoolingHttpClientConnectionManager - ep-00000000: releasing endpoint
15:39:02.291 [main] DEBUG com.github.dockerjava.zerodep.shaded.org.apache.hc.client5.http.impl.io.PoolingHttpClientConnectionManager - ep-00000000: connection http-outgoing-0 can be kept alive for 3 MINUTES
15:39:02.291 [main] DEBUG com.github.dockerjava.zerodep.shaded.org.apache.hc.client5.http.impl.io.PoolingHttpClientConnectionManager - ep-00000000: connection released [route: {}->npipe://localhost:2375][total available: 1; route allocated: 1 of 2147483647; total allocated: 1 of 2147483647]
15:39:02.292 [main] INFO org.testcontainers.dockerclient.DockerClientProviderStrategy - Found Docker environment with local Npipe socket (npipe:////./pipe/docker_engine)
15:39:02.293 [main] DEBUG org.testcontainers.dockerclient.DockerClientProviderStrategy - Transport type: 'httpclient5', Docker host: 'npipe:////./pipe/docker_engine'
15:39:02.293 [main] DEBUG org.testcontainers.dockerclient.DockerClientProviderStrategy - Checking Docker OS type for local Npipe socket (npipe:////./pipe/docker_engine)
15:39:02.295 [main] INFO org.testcontainers.DockerClientFactory - Docker host IP address is localhost
15:39:02.295 [main] DEBUG org.testcontainers.DockerClientFactory - Docker info: {CDISpecDirs=[/etc/cdi, /var/run/cdi], NGoroutines=100, Name=docker-desktop, Swarm={NodeID=, NodeAddr=, LocalNodeState=inactive, ControlAvailable=false, Error=, RemoteManagers=null}, RuncCommit={ID=v1.2.4-0-g6c52b3f, Expected=v1.2.4-0-g6c52b3f}, OSVersion=, Runtimes={io.containerd.runc.v2={path=runc}, nvidia={path=nvidia-container-runtime}, runc={path=runc}}, ID=5924107f-415e-443b-8155-4faef06a92d6, DriverStatus=[[Backing Filesystem, extfs], [Supports d_type, true], [Using metacopy, false], [Native Overlay Diff, true], [userxattr, false]], BridgeNfIptables=false, LiveRestoreEnabled=false, SystemTime=2025-05-23T12:39:02.06518719Z, NoProxy=hubproxy.docker.internal, Architecture=x86_64, NEventsListener=21, HttpsProxy=http.docker.internal:3128, Images=10, ContainersRunning=1, Labels=[com.docker.desktop.address=npipe://\\.\pipe\docker_cli], InitCommit={ID=de40ad0, Expected=de40ad0}, NFd=81, KernelVersion=5.15.167.4-microsoft-standard-WSL2, LoggingDriver=json-file, OSType=linux, SecurityOptions=[name=seccomp,profile=unconfined], ContainerdCommit={ID=bcc810d6b9066471b0b6fa75f557a15a1cbf31bb, Expected=bcc810d6b9066471b0b6fa75f557a15a1cbf31bb}, GenericResources=null, KernelMemory=true, OperatingSystem=Docker Desktop, RegistryConfig={IndexConfigs={docker.io={Name=docker.io, Mirrors=[], Secure=true, Official=true}, hubproxy.docker.internal:5555={Name=hubproxy.docker.internal:5555, Mirrors=[], Secure=false, Official=false}}, InsecureRegistryCIDRs=[::1/128, 127.0.0.0/8], Mirrors=null}, ServerVersion=28.0.1, OomKillDisable=true, CpuCfsQuota=true, Containers=2, Driver=overlay2, KernelMemoryTCP=true, IPv4Forwarding=true, ExperimentalBuild=false, DockerRootDir=/var/lib/docker, CPUSet=true, CpuCfsPeriod=true, DefaultRuntime=runc, CPUShares=true, Debug=false, NCPU=6, Plugins={Volume=[local], Network=[bridge, host, ipvlan, macvlan, null, overlay], Authorization=null, Log=[awslogs, fluentd, gcplogs, gelf, journald, json-file, local, splunk, syslog]}, SwapLimit=true, CgroupDriver=cgroupfs, ContainersPaused=0, MemTotal=3841138688, IndexServerAddress=https://index.docker.io/v1/, MemoryLimit=true, HttpProxy=http.docker.internal:3128, InitBinary=docker-init, CgroupVersion=1, PidsLimit=true, Isolation=, BridgeNfIp6tables=false, Warnings=[WARNING: No blkio throttle.read_bps_device support, WARNING: No blkio throttle.write_bps_device support, WARNING: No blkio throttle.read_iops_device support, WARNING: No blkio throttle.write_iops_device support, WARNING: daemon is not using the default seccomp profile], ContainersStopped=1}
15:39:02.298 [main] DEBUG org.testcontainers.shaded.com.github.dockerjava.core.command.AbstrDockerCmd - Cmd: 
15:39:02.300 [main] DEBUG com.github.dockerjava.zerodep.shaded.org.apache.hc.client5.http.impl.classic.InternalHttpClient - ex-00000002: preparing request execution
15:39:02.301 [main] DEBUG com.github.dockerjava.zerodep.shaded.org.apache.hc.client5.http.protocol.RequestAddCookies - Cookie spec selected: strict
15:39:02.301 [main] DEBUG com.github.dockerjava.zerodep.shaded.org.apache.hc.client5.http.protocol.RequestAuthCache - Auth cache not set in the context
15:39:02.301 [main] DEBUG com.github.dockerjava.zerodep.shaded.org.apache.hc.client5.http.impl.classic.ProtocolExec - ex-00000002: target auth state: UNCHALLENGED
15:39:02.301 [main] DEBUG com.github.dockerjava.zerodep.shaded.org.apache.hc.client5.http.impl.classic.ProtocolExec - ex-00000002: proxy auth state: UNCHALLENGED
15:39:02.301 [main] DEBUG com.github.dockerjava.zerodep.shaded.org.apache.hc.client5.http.impl.classic.ConnectExec - ex-00000002: acquiring connection with route {}->npipe://localhost:2375
15:39:02.301 [main] DEBUG com.github.dockerjava.zerodep.shaded.org.apache.hc.client5.http.impl.classic.InternalHttpClient - ex-00000002: acquiring endpoint (3 MINUTES)
15:39:02.301 [main] DEBUG com.github.dockerjava.zerodep.shaded.org.apache.hc.client5.http.impl.io.PoolingHttpClientConnectionManager - ex-00000002: endpoint lease request (3 MINUTES) [route: {}->npipe://localhost:2375][total available: 1; route allocated: 1 of 2147483647; total allocated: 1 of 2147483647]
15:39:02.301 [main] DEBUG com.github.dockerjava.zerodep.shaded.org.apache.hc.client5.http.impl.io.PoolingHttpClientConnectionManager - ex-00000002: endpoint leased [route: {}->npipe://localhost:2375][total available: 0; route allocated: 1 of 2147483647; total allocated: 1 of 2147483647]
15:39:02.302 [main] DEBUG com.github.dockerjava.zerodep.shaded.org.apache.hc.client5.http.impl.io.PoolingHttpClientConnectionManager - ex-00000002: acquired ep-00000001
15:39:02.302 [main] DEBUG com.github.dockerjava.zerodep.shaded.org.apache.hc.client5.http.impl.classic.InternalHttpClient - ex-00000002: acquired endpoint ep-00000001
15:39:02.302 [main] DEBUG com.github.dockerjava.zerodep.shaded.org.apache.hc.client5.http.impl.classic.MainClientExec - ex-00000002: executing GET /v1.32/version HTTP/1.1
15:39:02.302 [main] DEBUG com.github.dockerjava.zerodep.shaded.org.apache.hc.client5.http.impl.classic.InternalHttpClient - ep-00000001: start execution ex-00000002
15:39:02.302 [main] DEBUG com.github.dockerjava.zerodep.shaded.org.apache.hc.client5.http.impl.io.PoolingHttpClientConnectionManager - ep-00000001: executing exchange ex-00000002 over http-outgoing-0
15:39:02.302 [main] DEBUG com.github.dockerjava.zerodep.shaded.org.apache.hc.client5.http.headers - http-outgoing-0 >> GET /v1.32/version HTTP/1.1
15:39:02.302 [main] DEBUG com.github.dockerjava.zerodep.shaded.org.apache.hc.client5.http.headers - http-outgoing-0 >> accept: application/json
15:39:02.302 [main] DEBUG com.github.dockerjava.zerodep.shaded.org.apache.hc.client5.http.headers - http-outgoing-0 >> x-tc-sid: 39fd1862-5e0e-4318-8721-e9f779ad8699
15:39:02.302 [main] DEBUG com.github.dockerjava.zerodep.shaded.org.apache.hc.client5.http.headers - http-outgoing-0 >> User-Agent: tc-java/1.19.3
15:39:02.302 [main] DEBUG com.github.dockerjava.zerodep.shaded.org.apache.hc.client5.http.headers - http-outgoing-0 >> Accept-Encoding: gzip, x-gzip, deflate
15:39:02.302 [main] DEBUG com.github.dockerjava.zerodep.shaded.org.apache.hc.client5.http.headers - http-outgoing-0 >> Host: localhost:2375
15:39:02.302 [main] DEBUG com.github.dockerjava.zerodep.shaded.org.apache.hc.client5.http.headers - http-outgoing-0 >> Connection: keep-alive
15:39:02.302 [main] DEBUG com.github.dockerjava.zerodep.shaded.org.apache.hc.client5.http.wire - http-outgoing-0 >> "GET /v1.32/version HTTP/1.1[\r][\n]"
15:39:02.302 [main] DEBUG com.github.dockerjava.zerodep.shaded.org.apache.hc.client5.http.wire - http-outgoing-0 >> "accept: application/json[\r][\n]"
15:39:02.302 [main] DEBUG com.github.dockerjava.zerodep.shaded.org.apache.hc.client5.http.wire - http-outgoing-0 >> "x-tc-sid: 39fd1862-5e0e-4318-8721-e9f779ad8699[\r][\n]"
15:39:02.302 [main] DEBUG com.github.dockerjava.zerodep.shaded.org.apache.hc.client5.http.wire - http-outgoing-0 >> "User-Agent: tc-java/1.19.3[\r][\n]"
15:39:02.302 [main] DEBUG com.github.dockerjava.zerodep.shaded.org.apache.hc.client5.http.wire - http-outgoing-0 >> "Accept-Encoding: gzip, x-gzip, deflate[\r][\n]"
15:39:02.302 [main] DEBUG com.github.dockerjava.zerodep.shaded.org.apache.hc.client5.http.wire - http-outgoing-0 >> "Host: localhost:2375[\r][\n]"
15:39:02.302 [main] DEBUG com.github.dockerjava.zerodep.shaded.org.apache.hc.client5.http.wire - http-outgoing-0 >> "Connection: keep-alive[\r][\n]"
15:39:02.302 [main] DEBUG com.github.dockerjava.zerodep.shaded.org.apache.hc.client5.http.wire - http-outgoing-0 >> "[\r][\n]"
15:39:02.322 [main] DEBUG com.github.dockerjava.zerodep.shaded.org.apache.hc.client5.http.wire - http-outgoing-0 << "HTTP/1.1 200 OK[\r][\n]"
15:39:02.322 [main] DEBUG com.github.dockerjava.zerodep.shaded.org.apache.hc.client5.http.wire - http-outgoing-0 << "Api-Version: 1.48[\r][\n]"
15:39:02.322 [main] DEBUG com.github.dockerjava.zerodep.shaded.org.apache.hc.client5.http.wire - http-outgoing-0 << "Content-Type: application/json[\r][\n]"
15:39:02.322 [main] DEBUG com.github.dockerjava.zerodep.shaded.org.apache.hc.client5.http.wire - http-outgoing-0 << "Date: Fri, 23 May 2025 12:39:02 GMT[\r][\n]"
15:39:02.322 [main] DEBUG com.github.dockerjava.zerodep.shaded.org.apache.hc.client5.http.wire - http-outgoing-0 << "Docker-Experimental: false[\r][\n]"
15:39:02.322 [main] DEBUG com.github.dockerjava.zerodep.shaded.org.apache.hc.client5.http.wire - http-outgoing-0 << "Ostype: linux[\r][\n]"
15:39:02.322 [main] DEBUG com.github.dockerjava.zerodep.shaded.org.apache.hc.client5.http.wire - http-outgoing-0 << "Server: Docker/28.0.1 (linux)[\r][\n]"
15:39:02.322 [main] DEBUG com.github.dockerjava.zerodep.shaded.org.apache.hc.client5.http.wire - http-outgoing-0 << "Transfer-Encoding: chunked[\r][\n]"
15:39:02.322 [main] DEBUG com.github.dockerjava.zerodep.shaded.org.apache.hc.client5.http.wire - http-outgoing-0 << "[\r][\n]"
15:39:02.323 [main] DEBUG com.github.dockerjava.zerodep.shaded.org.apache.hc.client5.http.headers - http-outgoing-0 << HTTP/1.1 200 OK
15:39:02.323 [main] DEBUG com.github.dockerjava.zerodep.shaded.org.apache.hc.client5.http.headers - http-outgoing-0 << Api-Version: 1.48
15:39:02.323 [main] DEBUG com.github.dockerjava.zerodep.shaded.org.apache.hc.client5.http.headers - http-outgoing-0 << Content-Type: application/json
15:39:02.323 [main] DEBUG com.github.dockerjava.zerodep.shaded.org.apache.hc.client5.http.headers - http-outgoing-0 << Date: Fri, 23 May 2025 12:39:02 GMT
15:39:02.323 [main] DEBUG com.github.dockerjava.zerodep.shaded.org.apache.hc.client5.http.headers - http-outgoing-0 << Docker-Experimental: false
15:39:02.323 [main] DEBUG com.github.dockerjava.zerodep.shaded.org.apache.hc.client5.http.headers - http-outgoing-0 << Ostype: linux
15:39:02.323 [main] DEBUG com.github.dockerjava.zerodep.shaded.org.apache.hc.client5.http.headers - http-outgoing-0 << Server: Docker/28.0.1 (linux)
15:39:02.323 [main] DEBUG com.github.dockerjava.zerodep.shaded.org.apache.hc.client5.http.headers - http-outgoing-0 << Transfer-Encoding: chunked
15:39:02.323 [main] DEBUG com.github.dockerjava.zerodep.shaded.org.apache.hc.client5.http.impl.classic.MainClientExec - ex-00000002: connection can be kept alive for 3 MINUTES
15:39:02.323 [main] DEBUG com.github.dockerjava.zerodep.shaded.org.apache.hc.client5.http.wire - http-outgoing-0 << "35d[\r][\n]"
15:39:02.324 [main] DEBUG com.github.dockerjava.zerodep.shaded.org.apache.hc.client5.http.wire - http-outgoing-0 << "{"Platform":{"Name":"Docker Desktop 4.39.0 (184744)"},"Components":[{"Name":"Engine","Version":"28.0.1","Details":{"ApiVersion":"1.48","Arch":"amd64","BuildTime":"2025-02-26T10:41:16.000000000+00:00","Experimental":"false","GitCommit":"bbd0a17","GoVersion":"go1.23.6","KernelVersion":"5.15.167.4-microsoft-standard-WSL2","MinAPIVersion":"1.24","Os":"linux"}},{"Name":"containerd","Version":"1.7.25","Details":{"GitCommit":"bcc810d6b9066471b0b6fa75f557a15a1cbf31bb"}},{"Name":"runc","Version":"1.2.4","Details":{"GitCommit":"v1.2.4-0-g6c52b3f"}},{"Name":"docker-init","Version":"0.19.0","Details":{"GitCommit":"de40ad0"}}],"Version":"28.0.1","ApiVersion":"1.48","MinAPIVersion":"1.24","GitCommit":"bbd0a17","GoVersion":"go1.23.6","Os":"linux","Arch":"amd64","KernelVersion":"5.15.167.4-microsoft-standard-WSL2","BuildTime":"2025-02-26T10:41:16.000000000+00:00"}[\n]"
15:39:02.324 [main] DEBUG com.github.dockerjava.zerodep.shaded.org.apache.hc.client5.http.wire - http-outgoing-0 << "[\r][\n]"
15:39:02.324 [main] DEBUG com.github.dockerjava.zerodep.shaded.org.apache.hc.client5.http.wire - http-outgoing-0 << "0[\r][\n]"
15:39:02.324 [main] DEBUG com.github.dockerjava.zerodep.shaded.org.apache.hc.client5.http.wire - http-outgoing-0 << "[\r][\n]"
15:39:02.334 [main] DEBUG com.github.dockerjava.zerodep.shaded.org.apache.hc.client5.http.impl.classic.InternalHttpClient - ep-00000001: releasing valid endpoint
15:39:02.335 [main] DEBUG com.github.dockerjava.zerodep.shaded.org.apache.hc.client5.http.impl.io.PoolingHttpClientConnectionManager - ep-00000001: releasing endpoint
15:39:02.335 [main] DEBUG com.github.dockerjava.zerodep.shaded.org.apache.hc.client5.http.impl.io.PoolingHttpClientConnectionManager - ep-00000001: connection http-outgoing-0 can be kept alive for 3 MINUTES
15:39:02.335 [main] DEBUG com.github.dockerjava.zerodep.shaded.org.apache.hc.client5.http.impl.io.PoolingHttpClientConnectionManager - ep-00000001: connection released [route: {}->npipe://localhost:2375][total available: 1; route allocated: 1 of 2147483647; total allocated: 1 of 2147483647]
15:39:02.335 [main] DEBUG org.testcontainers.DockerClientFactory - Docker version: {Components=[{Name=Engine, Version=28.0.1, Details={ApiVersion=1.48, Arch=amd64, BuildTime=2025-02-26T10:41:16.000000000+00:00, Experimental=false, GitCommit=bbd0a17, GoVersion=go1.23.6, KernelVersion=5.15.167.4-microsoft-standard-WSL2, MinAPIVersion=1.24, Os=linux}}, {Name=containerd, Version=1.7.25, Details={GitCommit=bcc810d6b9066471b0b6fa75f557a15a1cbf31bb}}, {Name=runc, Version=1.2.4, Details={GitCommit=v1.2.4-0-g6c52b3f}}, {Name=docker-init, Version=0.19.0, Details={GitCommit=de40ad0}}], KernelVersion=5.15.167.4-microsoft-standard-WSL2, ApiVersion=1.48, Platform={Name=Docker Desktop 4.39.0 (184744)}, GitCommit=bbd0a17, Os=linux, Version=28.0.1, MinAPIVersion=1.24, Arch=amd64, GoVersion=go1.23.6, BuildTime=2025-02-26T10:41:16.000000000+00:00}
15:39:02.335 [main] INFO org.testcontainers.DockerClientFactory - Connected to docker: 
  Server Version: 28.0.1
  API Version: 1.48
  Operating System: Docker Desktop
  Total Memory: 3663 MB
15:39:02.345 [main] DEBUG org.testcontainers.utility.RyukResourceReaper - Ryuk is enabled
15:39:02.348 [main] DEBUG org.testcontainers.utility.PrefixingImageNameSubstitutor - No prefix is configured
15:39:02.349 [main] DEBUG org.testcontainers.utility.ImageNameSubstitutor - Did not find a substitute image for testcontainers/ryuk:0.5.1 (using image substitutor: DefaultImageNameSubstitutor (composite of 'ConfigurationFileImageNameSubstitutor' and 'PrefixingImageNameSubstitutor'))
15:39:02.351 [main] DEBUG org.testcontainers.shaded.com.github.dockerjava.core.command.AbstrDockerCmd - Cmd: ListImagesCmdImpl[filters=org.testcontainers.shaded.com.github.dockerjava.core.util.FiltersBuilder@0,imageNameFilter=<null>,showAll=false]
15:39:02.357 [main] DEBUG com.github.dockerjava.zerodep.shaded.org.apache.hc.client5.http.impl.classic.InternalHttpClient - ex-00000003: preparing request execution
15:39:02.357 [main] DEBUG com.github.dockerjava.zerodep.shaded.org.apache.hc.client5.http.protocol.RequestAddCookies - Cookie spec selected: strict
15:39:02.357 [main] DEBUG com.github.dockerjava.zerodep.shaded.org.apache.hc.client5.http.protocol.RequestAuthCache - Auth cache not set in the context
15:39:02.357 [main] DEBUG com.github.dockerjava.zerodep.shaded.org.apache.hc.client5.http.impl.classic.ProtocolExec - ex-00000003: target auth state: UNCHALLENGED
15:39:02.357 [main] DEBUG com.github.dockerjava.zerodep.shaded.org.apache.hc.client5.http.impl.classic.ProtocolExec - ex-00000003: proxy auth state: UNCHALLENGED
15:39:02.357 [main] DEBUG com.github.dockerjava.zerodep.shaded.org.apache.hc.client5.http.impl.classic.ConnectExec - ex-00000003: acquiring connection with route {}->npipe://localhost:2375
15:39:02.357 [main] DEBUG com.github.dockerjava.zerodep.shaded.org.apache.hc.client5.http.impl.classic.InternalHttpClient - ex-00000003: acquiring endpoint (3 MINUTES)
15:39:02.357 [main] DEBUG com.github.dockerjava.zerodep.shaded.org.apache.hc.client5.http.impl.io.PoolingHttpClientConnectionManager - ex-00000003: endpoint lease request (3 MINUTES) [route: {}->npipe://localhost:2375][total available: 1; route allocated: 1 of 2147483647; total allocated: 1 of 2147483647]
15:39:02.357 [main] DEBUG com.github.dockerjava.zerodep.shaded.org.apache.hc.client5.http.impl.io.PoolingHttpClientConnectionManager - ex-00000003: endpoint leased [route: {}->npipe://localhost:2375][total available: 0; route allocated: 1 of 2147483647; total allocated: 1 of 2147483647]
15:39:02.357 [main] DEBUG com.github.dockerjava.zerodep.shaded.org.apache.hc.client5.http.impl.io.PoolingHttpClientConnectionManager - ex-00000003: acquired ep-00000002
15:39:02.357 [main] DEBUG com.github.dockerjava.zerodep.shaded.org.apache.hc.client5.http.impl.classic.InternalHttpClient - ex-00000003: acquired endpoint ep-00000002
15:39:02.357 [main] DEBUG com.github.dockerjava.zerodep.shaded.org.apache.hc.client5.http.impl.classic.MainClientExec - ex-00000003: executing GET /v1.32/images/json HTTP/1.1
15:39:02.357 [main] DEBUG com.github.dockerjava.zerodep.shaded.org.apache.hc.client5.http.impl.classic.InternalHttpClient - ep-00000002: start execution ex-00000003
15:39:02.357 [main] DEBUG com.github.dockerjava.zerodep.shaded.org.apache.hc.client5.http.impl.io.PoolingHttpClientConnectionManager - ep-00000002: executing exchange ex-00000003 over http-outgoing-0
15:39:02.358 [main] DEBUG com.github.dockerjava.zerodep.shaded.org.apache.hc.client5.http.headers - http-outgoing-0 >> GET /v1.32/images/json HTTP/1.1
15:39:02.358 [main] DEBUG com.github.dockerjava.zerodep.shaded.org.apache.hc.client5.http.headers - http-outgoing-0 >> accept: application/json
15:39:02.358 [main] DEBUG com.github.dockerjava.zerodep.shaded.org.apache.hc.client5.http.headers - http-outgoing-0 >> x-tc-sid: 39fd1862-5e0e-4318-8721-e9f779ad8699
15:39:02.358 [main] DEBUG com.github.dockerjava.zerodep.shaded.org.apache.hc.client5.http.headers - http-outgoing-0 >> User-Agent: tc-java/1.19.3
15:39:02.358 [main] DEBUG com.github.dockerjava.zerodep.shaded.org.apache.hc.client5.http.headers - http-outgoing-0 >> Accept-Encoding: gzip, x-gzip, deflate
15:39:02.358 [main] DEBUG com.github.dockerjava.zerodep.shaded.org.apache.hc.client5.http.headers - http-outgoing-0 >> Host: localhost:2375
15:39:02.358 [main] DEBUG com.github.dockerjava.zerodep.shaded.org.apache.hc.client5.http.headers - http-outgoing-0 >> Connection: keep-alive
15:39:02.358 [main] DEBUG com.github.dockerjava.zerodep.shaded.org.apache.hc.client5.http.wire - http-outgoing-0 >> "GET /v1.32/images/json HTTP/1.1[\r][\n]"
15:39:02.358 [main] DEBUG com.github.dockerjava.zerodep.shaded.org.apache.hc.client5.http.wire - http-outgoing-0 >> "accept: application/json[\r][\n]"
15:39:02.358 [main] DEBUG com.github.dockerjava.zerodep.shaded.org.apache.hc.client5.http.wire - http-outgoing-0 >> "x-tc-sid: 39fd1862-5e0e-4318-8721-e9f779ad8699[\r][\n]"
15:39:02.358 [main] DEBUG com.github.dockerjava.zerodep.shaded.org.apache.hc.client5.http.wire - http-outgoing-0 >> "User-Agent: tc-java/1.19.3[\r][\n]"
15:39:02.358 [main] DEBUG com.github.dockerjava.zerodep.shaded.org.apache.hc.client5.http.wire - http-outgoing-0 >> "Accept-Encoding: gzip, x-gzip, deflate[\r][\n]"
15:39:02.358 [main] DEBUG com.github.dockerjava.zerodep.shaded.org.apache.hc.client5.http.wire - http-outgoing-0 >> "Host: localhost:2375[\r][\n]"
15:39:02.358 [main] DEBUG com.github.dockerjava.zerodep.shaded.org.apache.hc.client5.http.wire - http-outgoing-0 >> "Connection: keep-alive[\r][\n]"
15:39:02.358 [main] DEBUG com.github.dockerjava.zerodep.shaded.org.apache.hc.client5.http.wire - http-outgoing-0 >> "[\r][\n]"
15:39:02.366 [main] DEBUG com.github.dockerjava.zerodep.shaded.org.apache.hc.client5.http.wire - http-outgoing-0 << "HTTP/1.1 200 OK[\r][\n]"
15:39:02.366 [main] DEBUG com.github.dockerjava.zerodep.shaded.org.apache.hc.client5.http.wire - http-outgoing-0 << "Api-Version: 1.48[\r][\n]"
15:39:02.366 [main] DEBUG com.github.dockerjava.zerodep.shaded.org.apache.hc.client5.http.wire - http-outgoing-0 << "Content-Type: application/json[\r][\n]"
15:39:02.366 [main] DEBUG com.github.dockerjava.zerodep.shaded.org.apache.hc.client5.http.wire - http-outgoing-0 << "Date: Fri, 23 May 2025 12:39:02 GMT[\r][\n]"
15:39:02.366 [main] DEBUG com.github.dockerjava.zerodep.shaded.org.apache.hc.client5.http.wire - http-outgoing-0 << "Docker-Experimental: false[\r][\n]"
15:39:02.366 [main] DEBUG com.github.dockerjava.zerodep.shaded.org.apache.hc.client5.http.wire - http-outgoing-0 << "Ostype: linux[\r][\n]"
15:39:02.366 [main] DEBUG com.github.dockerjava.zerodep.shaded.org.apache.hc.client5.http.wire - http-outgoing-0 << "Server: Docker/28.0.1 (linux)[\r][\n]"
15:39:02.366 [main] DEBUG com.github.dockerjava.zerodep.shaded.org.apache.hc.client5.http.wire - http-outgoing-0 << "Transfer-Encoding: chunked[\r][\n]"
15:39:02.366 [main] DEBUG com.github.dockerjava.zerodep.shaded.org.apache.hc.client5.http.wire - http-outgoing-0 << "[\r][\n]"
15:39:02.366 [main] DEBUG com.github.dockerjava.zerodep.shaded.org.apache.hc.client5.http.headers - http-outgoing-0 << HTTP/1.1 200 OK
15:39:02.366 [main] DEBUG com.github.dockerjava.zerodep.shaded.org.apache.hc.client5.http.headers - http-outgoing-0 << Api-Version: 1.48
15:39:02.366 [main] DEBUG com.github.dockerjava.zerodep.shaded.org.apache.hc.client5.http.headers - http-outgoing-0 << Content-Type: application/json
15:39:02.367 [main] DEBUG com.github.dockerjava.zerodep.shaded.org.apache.hc.client5.http.headers - http-outgoing-0 << Date: Fri, 23 May 2025 12:39:02 GMT
15:39:02.367 [main] DEBUG com.github.dockerjava.zerodep.shaded.org.apache.hc.client5.http.headers - http-outgoing-0 << Docker-Experimental: false
15:39:02.367 [main] DEBUG com.github.dockerjava.zerodep.shaded.org.apache.hc.client5.http.headers - http-outgoing-0 << Ostype: linux
15:39:02.367 [main] DEBUG com.github.dockerjava.zerodep.shaded.org.apache.hc.client5.http.headers - http-outgoing-0 << Server: Docker/28.0.1 (linux)
15:39:02.367 [main] DEBUG com.github.dockerjava.zerodep.shaded.org.apache.hc.client5.http.headers - http-outgoing-0 << Transfer-Encoding: chunked
15:39:02.367 [main] DEBUG com.github.dockerjava.zerodep.shaded.org.apache.hc.client5.http.impl.classic.MainClientExec - ex-00000003: connection can be kept alive for 3 MINUTES
15:39:02.367 [main] DEBUG com.github.dockerjava.zerodep.shaded.org.apache.hc.client5.http.wire - http-outgoing-0 << "f4b[\r][\n]"
15:39:02.368 [main] DEBUG com.github.dockerjava.zerodep.shaded.org.apache.hc.client5.http.wire - http-outgoing-0 << "[{"Containers":-1,"Created":1746729168,"Id":"sha256:acc286cc12c5a83c4b8614cdf8c6beca5deb62e0b003518b6762a9038fd983e8","Labels":null,"ParentId":"","RepoDigests":["postgres@sha256:5402d0a13eab398c7c38f1b90af081d7f9e5977606ed869cecdb661403f6586a"],"RepoTags":["postgres:15-alpine"],"SharedSize":-1,"Size":273139619,"VirtualSize":273139619},{"Containers":-1,"Created":1744316669,"Id":"sha256:599774fe58536943118b3523e65c61a61d2f43999997176f30fd02cfa7248333","Labels":{"org.opencontainers.image.ref.name":"ubuntu","org.opencontainers.image.version":"22.04"},"ParentId":"","RepoDigests":["cassandra@sha256:ee5be67d740b5a427881effcfb672b6c986122ec139eada751f82bca247d6904"],"RepoTags":["cassandra:latest"],"SharedSize":-1,"Size":380669708,"VirtualSize":380669708},{"Containers":-1,"Created":1743399101,"Id":"sha256:183598304615f163350bfb48c0dbb957a233c3f0cfd4bc5a450dc396b28274e3","Labels":{"maintainer":"PostGIS Project - https://postgis.net","org.opencontainers.image.description":"PostGIS 3.5.2+dfsg-1.pgdg110+1 spatial database extension with PostgreSQL 17 bullseye","org.opencontainers.image.source":"https://github.com/postgis/docker-postgis"},"ParentId":"","RepoDigests":["postgis/postgis@sha256:f69161302195691d777b8f04f246bf43ced6507a004042f6c41e053bb67f45b4"],"RepoTags":["postgis/postgis:17-3.5"],"SharedSize":-1,"Size":636634721,"VirtualSize":636634721},{"Containers":-1,"Created":1740617592,"Id":"sha256:94c58571bcb1da5058487e7fd4a7cdf3a927f240490f35c5efdbe0d3dd15f77c","Labels":null,"ParentId":"","RepoDigests":["postgres@sha256:d714ce760cbf3572aa9f72d9f305f27de79b9e6bdbf81613cd4859df5408831e"],"RepoTags":["postgres:13"],"SharedSize":-1,"Size":423393459,"VirtualSize":423393459},{"Containers":-1,"Created":1740617592,"Id":"sha256:76e3e031d245f3b1018ac3d56a65130a0b7b6c2a55c16b856445a9fb04ddefaf","Labels":null,"ParentId":"","RepoDigests":["postgres@sha256:7f29c02ba9eeff4de9a9f414d803faa0e6fe5e8d15ebe217e3e418c82e652b35"],"RepoTags":["postgres:latest"],"SharedSize":-1,"Size":438359092,"VirtualSize":438359092},{"Containers":-1,"Created":1736180071,"Id":"sha256:ad4b31aa2de6e8f023fb8afa4071c412d89621c1cac957b66d8086c990a9552c","Labels":null,"ParentId":"","RepoDigests":["redis@sha256:bd41d55aae1ecff61b2fafd0d66761223fe94a60373eb6bb781cfbb570a84079"],"RepoTags":["redis:latest"],"SharedSize":-1,"Size":116989166,"VirtualSize":116989166},{"Containers":-1,"Created":1729693981,"Id":"sha256:0cd5951d043f34c6fdb61274eb61c42bbb15aa8e05eab35c110ffd69a84e9463","Labels":{"org.testcontainers.ryuk":"true"},"ParentId":"","RepoDigests":["testcontainers/ryuk@sha256:2eaec4fc2cf1f67eb6624d4463467ea8aac999a01b2ff74b5973e9a563b7c2b5"],"RepoTags":["testcontainers/ryuk:0.11.0"],"SharedSize":-1,"Size":15313658,"VirtualSize":15313658},{"Containers":-1,"Created":1721060571,"Id":"sha256:e1c72b0438b5e617d269397a7d6e8be66c9cc4c1ed01d4e480f20234eb09b507","Labels":{"org.testcontainers.ryuk":"true"},"ParentId":"","RepoDigests":["testcontainers/ryuk@sha256:bf3f74a47dee0acda89aba4b2fc9c7fdcf994a084db02a2d06566f07baae022e"],"RepoTags":["testcontainers/ryuk:0.8.1"],"SharedSize":-1,"Size":15411053,"VirtualSize":15411053},{"Containers":-1,"Created":1705430593,"Id":"sha256:c5a661a601b9297c727a7e4f0f330eef30ba06af1b8be0b8ca48f64eb6416e19","Labels":{"org.opencontainers.image.ref.name":"ubuntu","org.opencontainers.image.version":"22.04"},"ParentId":"","RepoDigests":["cassandra@sha256:7cbcec0086ac3d448537f1bdd6762f7a69fe8f570f00d45f4f719f6c2cdd4d5c"],"RepoTags":["cassandra:4.1.3"],"SharedSize":-1,"Size":353335357,"VirtualSize":353335357},{"Containers":-1,"Created":1684336262,"Id":"sha256:ec913eeff75a6b5ed284cf17e186213a466ec10a8f471798318ffa0813b5d828","Labels":{"org.testcontainers.ryuk":"true"},"ParentId":"","RepoDigests":["testcontainers/ryuk@sha256:533abc56c07b52a26c955d1e7ae428d810582ab01c156384ae79960eb5fa0775"],"RepoTags":["testcontainers/ryuk:0.5.1"],"SharedSize":-1,"Size":12695732,"VirtualSize":12695732}][\n]"
15:39:02.368 [main] DEBUG com.github.dockerjava.zerodep.shaded.org.apache.hc.client5.http.wire - http-outgoing-0 << "[\r][\n]"
15:39:02.368 [main] DEBUG com.github.dockerjava.zerodep.shaded.org.apache.hc.client5.http.wire - http-outgoing-0 << "0[\r][\n]"
15:39:02.368 [main] DEBUG com.github.dockerjava.zerodep.shaded.org.apache.hc.client5.http.wire - http-outgoing-0 << "[\r][\n]"
15:39:02.374 [main] DEBUG com.github.dockerjava.zerodep.shaded.org.apache.hc.client5.http.impl.classic.InternalHttpClient - ep-00000002: releasing valid endpoint
15:39:02.374 [main] DEBUG com.github.dockerjava.zerodep.shaded.org.apache.hc.client5.http.impl.io.PoolingHttpClientConnectionManager - ep-00000002: releasing endpoint
15:39:02.374 [main] DEBUG com.github.dockerjava.zerodep.shaded.org.apache.hc.client5.http.impl.io.PoolingHttpClientConnectionManager - ep-00000002: connection http-outgoing-0 can be kept alive for 3 MINUTES
15:39:02.374 [main] DEBUG com.github.dockerjava.zerodep.shaded.org.apache.hc.client5.http.impl.io.PoolingHttpClientConnectionManager - ep-00000002: connection released [route: {}->npipe://localhost:2375][total available: 1; route allocated: 1 of 2147483647; total allocated: 1 of 2147483647]
15:39:02.377 [main] DEBUG org.testcontainers.images.AbstractImagePullPolicy - Using locally available and not pulling image: testcontainers/ryuk:0.5.1
15:39:02.378 [main] DEBUG tc.testcontainers/ryuk:0.5.1 - Starting container: testcontainers/ryuk:0.5.1
15:39:02.379 [main] DEBUG tc.testcontainers/ryuk:0.5.1 - Trying to start container: testcontainers/ryuk:0.5.1 (attempt 1/1)
15:39:02.380 [main] DEBUG tc.testcontainers/ryuk:0.5.1 - Starting container: testcontainers/ryuk:0.5.1
15:39:02.381 [main] INFO tc.testcontainers/ryuk:0.5.1 - Creating container for image: testcontainers/ryuk:0.5.1
15:39:02.390 [main] DEBUG org.testcontainers.utility.RegistryAuthLocator - Looking up auth config for image: testcontainers/ryuk:0.5.1 at registry: https://index.docker.io/v1/
15:39:02.391 [main] DEBUG org.testcontainers.utility.RegistryAuthLocator - RegistryAuthLocator has configFile: C:\Users\HP\.docker\config.json (exists) configEnv: DOCKER_AUTH_CONFIG (does not exist) and commandPathPrefix: 
15:39:02.391 [main] DEBUG org.testcontainers.utility.RegistryAuthLocator - RegistryAuthLocator reading from configFile: C:\Users\HP\.docker\config.json
15:39:02.392 [main] DEBUG org.testcontainers.utility.RegistryAuthLocator - registryName [https://index.docker.io/v1/] for dockerImageName [testcontainers/ryuk:0.5.1]
15:39:02.392 [main] DEBUG org.testcontainers.utility.RegistryAuthLocator - Executing docker credential provider: docker-credential-desktop to locate auth config for: https://index.docker.io/v1/
15:39:02.411 [main] DEBUG org.testcontainers.shaded.org.zeroturnaround.exec.ProcessExecutor - Executing [cmd, /c, docker-credential-desktop, get].
15:39:02.641 [main] DEBUG org.testcontainers.shaded.org.zeroturnaround.exec.ProcessExecutor - Started Process[pid=25916, exitValue="not exited"]
15:39:02.876 [WaitForProcess-Process[pid=25916, exitValue="not exited"]] DEBUG org.testcontainers.shaded.org.zeroturnaround.exec.WaitForProcess - Process[pid=25916, exitValue=0] stopped with exit code 0
15:39:02.879 [main] DEBUG org.testcontainers.utility.RegistryAuthLocator - Credential helper/store provided auth config for: https://index.docker.io/v1/
15:39:02.882 [main] DEBUG org.testcontainers.utility.RegistryAuthLocator - found creds store auth config [AuthConfig{username=anatoliikornilov, password=hidden non-blank value, auth=blank, email=null, registryAddress=https://index.docker.io/v1/, registryToken=blank}]
15:39:02.882 [main] DEBUG org.testcontainers.utility.RegistryAuthLocator - Cached auth found: [AuthConfig{username=anatoliikornilov, password=hidden non-blank value, auth=blank, email=null, registryAddress=https://index.docker.io/v1/, registryToken=blank}]
15:39:02.882 [main] DEBUG org.testcontainers.dockerclient.AuthDelegatingDockerClientConfig - Effective auth config [AuthConfig{username=anatoliikornilov, password=hidden non-blank value, auth=blank, email=null, registryAddress=https://index.docker.io/v1/, registryToken=blank}]
15:39:02.900 [main] DEBUG org.testcontainers.shaded.com.github.dockerjava.core.command.AbstrDockerCmd - Cmd: org.testcontainers.shaded.com.github.dockerjava.core.command.CreateContainerCmdImpl@87abc48[aliases=<null>,argsEscaped=<null>,attachStderr=<null>,attachStdin=<null>,attachStdout=<null>,authConfig=AuthConfig(username=anatoliikornilov, email=null, registryAddress=https://index.docker.io/v1/, stackOrchestrator=null),cmd={},domainName=<null>,entrypoint=<null>,env={},exposedPorts=ExposedPorts(exposedPorts=[8080/tcp]),healthcheck=<null>,hostConfig=HostConfig(binds=[//var/run/docker.sock:/var/run/docker.sock:rw], blkioWeight=null, blkioWeightDevice=null, blkioDeviceReadBps=null, blkioDeviceWriteBps=null, blkioDeviceReadIOps=null, blkioDeviceWriteIOps=null, memorySwappiness=null, nanoCPUs=null, capAdd=null, capDrop=null, containerIDFile=null, cpuPeriod=null, cpuRealtimePeriod=null, cpuRealtimeRuntime=null, cpuShares=null, cpuQuota=null, cpusetCpus=null, cpusetMems=null, devices=null, deviceCgroupRules=null, deviceRequests=null, diskQuota=null, dns=null, dnsOptions=null, dnsSearch=null, extraHosts=[], groupAdd=null, ipcMode=null, cgroup=null, links=[], logConfig=LogConfig(type=null, config=null), lxcConf=null, memory=null, memorySwap=null, memoryReservation=null, kernelMemory=null, networkMode=null, oomKillDisable=null, init=null, autoRemove=true, oomScoreAdj=null, portBindings={8080/tcp=[Lcom.github.dockerjava.api.model.Ports$Binding;@52b6319f}, privileged=true, publishAllPorts=null, readonlyRootfs=null, restartPolicy=null, ulimits=null, cpuCount=null, cpuPercent=null, ioMaximumIOps=null, ioMaximumBandwidth=null, volumesFrom=[], mounts=null, pidMode=null, isolation=null, securityOpts=null, storageOpt=null, cgroupParent=null, volumeDriver=null, shmSize=null, pidsLimit=null, runtime=null, tmpFs=null, utSMode=null, usernsMode=null, sysctls=null, consoleSize=null, cgroupnsMode=null),hostName=<null>,image=testcontainers/ryuk:0.5.1,ipv4Address=<null>,ipv6Address=<null>,labels={org.testcontainers=true, org.testcontainers.lang=java, org.testcontainers.version=1.19.3},macAddress=<null>,name=testcontainers-ryuk-39fd1862-5e0e-4318-8721-e9f779ad8699,networkDisabled=<null>,networkingConfig=<null>,onBuild=<null>,platform=<null>,portSpecs=<null>,shell=<null>,stdInOnce=<null>,stdinOpen=<null>,stopSignal=<null>,stopTimeout=<null>,tty=<null>,user=<null>,volumes=Volumes(volumes=[]),workingDir=<null>]
15:39:03.001 [main] DEBUG com.github.dockerjava.zerodep.shaded.org.apache.hc.client5.http.impl.classic.InternalHttpClient - ex-00000004: preparing request execution
15:39:03.001 [main] DEBUG com.github.dockerjava.zerodep.shaded.org.apache.hc.client5.http.protocol.RequestAddCookies - Cookie spec selected: strict
15:39:03.001 [main] DEBUG com.github.dockerjava.zerodep.shaded.org.apache.hc.client5.http.protocol.RequestAuthCache - Auth cache not set in the context
15:39:03.001 [main] DEBUG com.github.dockerjava.zerodep.shaded.org.apache.hc.client5.http.impl.classic.ProtocolExec - ex-00000004: target auth state: UNCHALLENGED
15:39:03.001 [main] DEBUG com.github.dockerjava.zerodep.shaded.org.apache.hc.client5.http.impl.classic.ProtocolExec - ex-00000004: proxy auth state: UNCHALLENGED
15:39:03.001 [main] DEBUG com.github.dockerjava.zerodep.shaded.org.apache.hc.client5.http.impl.classic.ConnectExec - ex-00000004: acquiring connection with route {}->npipe://localhost:2375
15:39:03.001 [main] DEBUG com.github.dockerjava.zerodep.shaded.org.apache.hc.client5.http.impl.classic.InternalHttpClient - ex-00000004: acquiring endpoint (3 MINUTES)
15:39:03.001 [main] DEBUG com.github.dockerjava.zerodep.shaded.org.apache.hc.client5.http.impl.io.PoolingHttpClientConnectionManager - ex-00000004: endpoint lease request (3 MINUTES) [route: {}->npipe://localhost:2375][total available: 1; route allocated: 1 of 2147483647; total allocated: 1 of 2147483647]
15:39:03.001 [main] DEBUG com.github.dockerjava.zerodep.shaded.org.apache.hc.client5.http.impl.io.PoolingHttpClientConnectionManager - ex-00000004: endpoint leased [route: {}->npipe://localhost:2375][total available: 0; route allocated: 1 of 2147483647; total allocated: 1 of 2147483647]
15:39:03.001 [main] DEBUG com.github.dockerjava.zerodep.shaded.org.apache.hc.client5.http.impl.io.PoolingHttpClientConnectionManager - ex-00000004: acquired ep-00000003
15:39:03.001 [main] DEBUG com.github.dockerjava.zerodep.shaded.org.apache.hc.client5.http.impl.classic.InternalHttpClient - ex-00000004: acquired endpoint ep-00000003
15:39:03.003 [main] DEBUG com.github.dockerjava.zerodep.shaded.org.apache.hc.client5.http.impl.classic.MainClientExec - ex-00000004: executing POST /v1.32/containers/create?name=testcontainers-ryuk-39fd1862-5e0e-4318-8721-e9f779ad8699 HTTP/1.1
15:39:03.003 [main] DEBUG com.github.dockerjava.zerodep.shaded.org.apache.hc.client5.http.impl.classic.InternalHttpClient - ep-00000003: start execution ex-00000004
15:39:03.003 [main] DEBUG com.github.dockerjava.zerodep.shaded.org.apache.hc.client5.http.impl.io.PoolingHttpClientConnectionManager - ep-00000003: executing exchange ex-00000004 over http-outgoing-0
15:39:03.003 [main] DEBUG com.github.dockerjava.zerodep.shaded.org.apache.hc.client5.http.headers - http-outgoing-0 >> POST /v1.32/containers/create?name=testcontainers-ryuk-39fd1862-5e0e-4318-8721-e9f779ad8699 HTTP/1.1
15:39:03.003 [main] DEBUG com.github.dockerjava.zerodep.shaded.org.apache.hc.client5.http.headers - http-outgoing-0 >> X-Registry-Auth: eyJ1c2VybmFtZSI6ImFuYXRvbGlpa29ybmlsb3YiLCJwYXNzd29yZCI6ImRja3JfcGF0X3FmdWRkUHIzQmpPUE5GaEdxRExzbm9ySm1pSSIsImVtYWlsIjpudWxsLCJzZXJ2ZXJhZGRyZXNzIjoiaHR0cHM6Ly9pbmRleC5kb2NrZXIuaW8vdjEvIiwiYXV0aCI6bnVsbCwicmVnaXN0cnl0b2tlbiI6bnVsbCwiaWRlbnRpdHl0b2tlbiI6bnVsbCwic3RhY2tPcmNoZXN0cmF0b3IiOm51bGx9
15:39:03.003 [main] DEBUG com.github.dockerjava.zerodep.shaded.org.apache.hc.client5.http.headers - http-outgoing-0 >> accept: application/json
15:39:03.003 [main] DEBUG com.github.dockerjava.zerodep.shaded.org.apache.hc.client5.http.headers - http-outgoing-0 >> content-type: application/json
15:39:03.003 [main] DEBUG com.github.dockerjava.zerodep.shaded.org.apache.hc.client5.http.headers - http-outgoing-0 >> x-tc-sid: 39fd1862-5e0e-4318-8721-e9f779ad8699
15:39:03.003 [main] DEBUG com.github.dockerjava.zerodep.shaded.org.apache.hc.client5.http.headers - http-outgoing-0 >> User-Agent: tc-java/1.19.3
15:39:03.003 [main] DEBUG com.github.dockerjava.zerodep.shaded.org.apache.hc.client5.http.headers - http-outgoing-0 >> Accept-Encoding: gzip, x-gzip, deflate
15:39:03.003 [main] DEBUG com.github.dockerjava.zerodep.shaded.org.apache.hc.client5.http.headers - http-outgoing-0 >> Content-Length: 1955
15:39:03.003 [main] DEBUG com.github.dockerjava.zerodep.shaded.org.apache.hc.client5.http.headers - http-outgoing-0 >> Host: localhost:2375
15:39:03.003 [main] DEBUG com.github.dockerjava.zerodep.shaded.org.apache.hc.client5.http.headers - http-outgoing-0 >> Connection: keep-alive
15:39:03.003 [main] DEBUG com.github.dockerjava.zerodep.shaded.org.apache.hc.client5.http.wire - http-outgoing-0 >> "POST /v1.32/containers/create?name=testcontainers-ryuk-39fd1862-5e0e-4318-8721-e9f779ad8699 HTTP/1.1[\r][\n]"
15:39:03.004 [main] DEBUG com.github.dockerjava.zerodep.shaded.org.apache.hc.client5.http.wire - http-outgoing-0 >> "X-Registry-Auth: eyJ1c2VybmFtZSI6ImFuYXRvbGlpa29ybmlsb3YiLCJwYXNzd29yZCI6ImRja3JfcGF0X3FmdWRkUHIzQmpPUE5GaEdxRExzbm9ySm1pSSIsImVtYWlsIjpudWxsLCJzZXJ2ZXJhZGRyZXNzIjoiaHR0cHM6Ly9pbmRleC5kb2NrZXIuaW8vdjEvIiwiYXV0aCI6bnVsbCwicmVnaXN0cnl0b2tlbiI6bnVsbCwiaWRlbnRpdHl0b2tlbiI6bnVsbCwic3RhY2tPcmNoZXN0cmF0b3IiOm51bGx9[\r][\n]"
15:39:03.004 [main] DEBUG com.github.dockerjava.zerodep.shaded.org.apache.hc.client5.http.wire - http-outgoing-0 >> "accept: application/json[\r][\n]"
15:39:03.004 [main] DEBUG com.github.dockerjava.zerodep.shaded.org.apache.hc.client5.http.wire - http-outgoing-0 >> "content-type: application/json[\r][\n]"
15:39:03.004 [main] DEBUG com.github.dockerjava.zerodep.shaded.org.apache.hc.client5.http.wire - http-outgoing-0 >> "x-tc-sid: 39fd1862-5e0e-4318-8721-e9f779ad8699[\r][\n]"
15:39:03.004 [main] DEBUG com.github.dockerjava.zerodep.shaded.org.apache.hc.client5.http.wire - http-outgoing-0 >> "User-Agent: tc-java/1.19.3[\r][\n]"
15:39:03.004 [main] DEBUG com.github.dockerjava.zerodep.shaded.org.apache.hc.client5.http.wire - http-outgoing-0 >> "Accept-Encoding: gzip, x-gzip, deflate[\r][\n]"
15:39:03.004 [main] DEBUG com.github.dockerjava.zerodep.shaded.org.apache.hc.client5.http.wire - http-outgoing-0 >> "Content-Length: 1955[\r][\n]"
15:39:03.004 [main] DEBUG com.github.dockerjava.zerodep.shaded.org.apache.hc.client5.http.wire - http-outgoing-0 >> "Host: localhost:2375[\r][\n]"
15:39:03.004 [main] DEBUG com.github.dockerjava.zerodep.shaded.org.apache.hc.client5.http.wire - http-outgoing-0 >> "Connection: keep-alive[\r][\n]"
15:39:03.004 [main] DEBUG com.github.dockerjava.zerodep.shaded.org.apache.hc.client5.http.wire - http-outgoing-0 >> "[\r][\n]"
15:39:03.004 [main] DEBUG com.github.dockerjava.zerodep.shaded.org.apache.hc.client5.http.wire - http-outgoing-0 >> "{"Hostname":null,"Domainname":null,"User":null,"AttachStdin":null,"AttachStdout":null,"AttachStderr":null,"PortSpecs":null,"Tty":null,"OpenStdin":null,"StdinOnce":null,"Env":[],"Cmd":[],"Healthcheck":null,"ArgsEscaped":null,"Entrypoint":null,"Image":"testcontainers/ryuk:0.5.1","Volumes":{},"WorkingDir":null,"MacAddress":null,"OnBuild":null,"NetworkDisabled":null,"ExposedPorts":{"8080/tcp":{}},"StopSignal":null,"StopTimeout":null,"HostConfig":{"Binds":["//var/run/docker.sock:/var/run/docker.sock:rw"],"BlkioWeight":null,"BlkioWeightDevice":null,"BlkioDeviceReadBps":null,"BlkioDeviceWriteBps":null,"BlkioDeviceReadIOps":null,"BlkioDeviceWriteIOps":null,"MemorySwappiness":null,"NanoCpus":null,"CapAdd":null,"CapDrop":null,"ContainerIDFile":null,"CpuPeriod":null,"CpuRealtimePeriod":null,"CpuRealtimeRuntime":null,"CpuShares":null,"CpuQuota":null,"CpusetCpus":null,"CpusetMems":null,"Devices":null,"DeviceCgroupRules":null,"DeviceRequests":null,"DiskQuota":null,"Dns":null,"DnsOptions":null,"DnsSearch":null,"ExtraHosts":[],"GroupAdd":null,"IpcMode":null,"Cgroup":null,"Links":[],"LogConfig":null,"LxcConf":null,"Memory":null,"MemorySwap":null,"MemoryReservation":null,"KernelMemory":null,"NetworkMode":null,"OomKillDisable":null,"Init":null,"AutoRemove":true,"OomScoreAdj":null,"PortBindings":{"8080/tcp":[{"HostIp":"","HostPort":""}]},"Privileged":true,"PublishAllPorts":null,"ReadonlyRootfs":null,"RestartPolicy":null,"Ulimits":null,"CpuCount":null,"CpuPercent":null,"IOMaximumIOps":null,"IOMaximumBandwidth":null,"VolumesFrom":[],"Mounts":null,"PidMode":null,"Isolation":null,"SecurityOpt":null,"StorageOpt":null,"CgroupParent":null,"VolumeDriver":null,"ShmSize":null,"PidsLimit":null,"Runtime":null,"Tmpfs":null,"UTSMode":null,"UsernsMode":null,"Sysctls":null,"ConsoleSize":null,"CgroupnsMode":null},"Labels":{"org.testcontainers":"true","org.testcontainers.lang":"java","org.testcontainers.version":"1.19.3"},"Shell":null,"NetworkingConfig":null}"
15:39:03.209 [main] DEBUG com.github.dockerjava.zerodep.shaded.org.apache.hc.client5.http.wire - http-outgoing-0 << "HTTP/1.1 201 Created[\r][\n]"
15:39:03.210 [main] DEBUG com.github.dockerjava.zerodep.shaded.org.apache.hc.client5.http.wire - http-outgoing-0 << "Api-Version: 1.48[\r][\n]"
15:39:03.210 [main] DEBUG com.github.dockerjava.zerodep.shaded.org.apache.hc.client5.http.wire - http-outgoing-0 << "Content-Type: application/json[\r][\n]"
15:39:03.210 [main] DEBUG com.github.dockerjava.zerodep.shaded.org.apache.hc.client5.http.wire - http-outgoing-0 << "Date: Fri, 23 May 2025 12:39:03 GMT[\r][\n]"
15:39:03.210 [main] DEBUG com.github.dockerjava.zerodep.shaded.org.apache.hc.client5.http.wire - http-outgoing-0 << "Docker-Experimental: false[\r][\n]"
15:39:03.210 [main] DEBUG com.github.dockerjava.zerodep.shaded.org.apache.hc.client5.http.wire - http-outgoing-0 << "Ostype: linux[\r][\n]"
15:39:03.210 [main] DEBUG com.github.dockerjava.zerodep.shaded.org.apache.hc.client5.http.wire - http-outgoing-0 << "Server: Docker/28.0.1 (linux)[\r][\n]"
15:39:03.210 [main] DEBUG com.github.dockerjava.zerodep.shaded.org.apache.hc.client5.http.wire - http-outgoing-0 << "Transfer-Encoding: chunked[\r][\n]"
15:39:03.210 [main] DEBUG com.github.dockerjava.zerodep.shaded.org.apache.hc.client5.http.wire - http-outgoing-0 << "[\r][\n]"
15:39:03.211 [main] DEBUG com.github.dockerjava.zerodep.shaded.org.apache.hc.client5.http.headers - http-outgoing-0 << HTTP/1.1 201 Created
15:39:03.211 [main] DEBUG com.github.dockerjava.zerodep.shaded.org.apache.hc.client5.http.headers - http-outgoing-0 << Api-Version: 1.48
15:39:03.211 [main] DEBUG com.github.dockerjava.zerodep.shaded.org.apache.hc.client5.http.headers - http-outgoing-0 << Content-Type: application/json
15:39:03.211 [main] DEBUG com.github.dockerjava.zerodep.shaded.org.apache.hc.client5.http.headers - http-outgoing-0 << Date: Fri, 23 May 2025 12:39:03 GMT
15:39:03.211 [main] DEBUG com.github.dockerjava.zerodep.shaded.org.apache.hc.client5.http.headers - http-outgoing-0 << Docker-Experimental: false
15:39:03.211 [main] DEBUG com.github.dockerjava.zerodep.shaded.org.apache.hc.client5.http.headers - http-outgoing-0 << Ostype: linux
15:39:03.211 [main] DEBUG com.github.dockerjava.zerodep.shaded.org.apache.hc.client5.http.headers - http-outgoing-0 << Server: Docker/28.0.1 (linux)
15:39:03.211 [main] DEBUG com.github.dockerjava.zerodep.shaded.org.apache.hc.client5.http.headers - http-outgoing-0 << Transfer-Encoding: chunked
15:39:03.211 [main] DEBUG com.github.dockerjava.zerodep.shaded.org.apache.hc.client5.http.impl.classic.MainClientExec - ex-00000004: connection can be kept alive for 3 MINUTES
15:39:03.212 [main] DEBUG com.github.dockerjava.zerodep.shaded.org.apache.hc.client5.http.wire - http-outgoing-0 << "58[\r][\n]"
15:39:03.212 [main] DEBUG com.github.dockerjava.zerodep.shaded.org.apache.hc.client5.http.wire - http-outgoing-0 << "{"Id":"641c35016b154f1c7d3537e1f158ed6e87be846cc1d0fb3637366fb7abfc6aca","Warnings":[]}[\n]"
15:39:03.213 [main] DEBUG com.github.dockerjava.zerodep.shaded.org.apache.hc.client5.http.wire - http-outgoing-0 << "[\r][\n]"
15:39:03.217 [main] DEBUG com.github.dockerjava.zerodep.shaded.org.apache.hc.client5.http.wire - http-outgoing-0 << "0[\r][\n]"
15:39:03.217 [main] DEBUG com.github.dockerjava.zerodep.shaded.org.apache.hc.client5.http.wire - http-outgoing-0 << "[\r][\n]"
15:39:03.217 [main] DEBUG com.github.dockerjava.zerodep.shaded.org.apache.hc.client5.http.impl.classic.InternalHttpClient - ep-00000003: releasing valid endpoint
15:39:03.217 [main] DEBUG com.github.dockerjava.zerodep.shaded.org.apache.hc.client5.http.impl.io.PoolingHttpClientConnectionManager - ep-00000003: releasing endpoint
15:39:03.217 [main] DEBUG com.github.dockerjava.zerodep.shaded.org.apache.hc.client5.http.impl.io.PoolingHttpClientConnectionManager - ep-00000003: connection http-outgoing-0 can be kept alive for 3 MINUTES
15:39:03.217 [main] DEBUG com.github.dockerjava.zerodep.shaded.org.apache.hc.client5.http.impl.io.PoolingHttpClientConnectionManager - ep-00000003: connection released [route: {}->npipe://localhost:2375][total available: 1; route allocated: 1 of 2147483647; total allocated: 1 of 2147483647]
15:39:03.222 [main] INFO tc.testcontainers/ryuk:0.5.1 - Container testcontainers/ryuk:0.5.1 is starting: 641c35016b154f1c7d3537e1f158ed6e87be846cc1d0fb3637366fb7abfc6aca
15:39:03.225 [main] DEBUG org.testcontainers.shaded.com.github.dockerjava.core.command.AbstrDockerCmd - Cmd: 641c35016b154f1c7d3537e1f158ed6e87be846cc1d0fb3637366fb7abfc6aca
15:39:03.226 [main] DEBUG com.github.dockerjava.zerodep.shaded.org.apache.hc.client5.http.impl.classic.InternalHttpClient - ex-00000005: preparing request execution
15:39:03.226 [main] DEBUG com.github.dockerjava.zerodep.shaded.org.apache.hc.client5.http.protocol.RequestAddCookies - Cookie spec selected: strict
15:39:03.227 [main] DEBUG com.github.dockerjava.zerodep.shaded.org.apache.hc.client5.http.protocol.RequestAuthCache - Auth cache not set in the context
15:39:03.227 [main] DEBUG com.github.dockerjava.zerodep.shaded.org.apache.hc.client5.http.impl.classic.ProtocolExec - ex-00000005: target auth state: UNCHALLENGED
15:39:03.227 [main] DEBUG com.github.dockerjava.zerodep.shaded.org.apache.hc.client5.http.impl.classic.ProtocolExec - ex-00000005: proxy auth state: UNCHALLENGED
15:39:03.227 [main] DEBUG com.github.dockerjava.zerodep.shaded.org.apache.hc.client5.http.impl.classic.ConnectExec - ex-00000005: acquiring connection with route {}->npipe://localhost:2375
15:39:03.227 [main] DEBUG com.github.dockerjava.zerodep.shaded.org.apache.hc.client5.http.impl.classic.InternalHttpClient - ex-00000005: acquiring endpoint (3 MINUTES)
15:39:03.227 [main] DEBUG com.github.dockerjava.zerodep.shaded.org.apache.hc.client5.http.impl.io.PoolingHttpClientConnectionManager - ex-00000005: endpoint lease request (3 MINUTES) [route: {}->npipe://localhost:2375][total available: 1; route allocated: 1 of 2147483647; total allocated: 1 of 2147483647]
15:39:03.227 [main] DEBUG com.github.dockerjava.zerodep.shaded.org.apache.hc.client5.http.impl.io.PoolingHttpClientConnectionManager - ex-00000005: endpoint leased [route: {}->npipe://localhost:2375][total available: 0; route allocated: 1 of 2147483647; total allocated: 1 of 2147483647]
15:39:03.228 [main] DEBUG com.github.dockerjava.zerodep.shaded.org.apache.hc.client5.http.impl.io.PoolingHttpClientConnectionManager - ex-00000005: acquired ep-00000004
15:39:03.228 [main] DEBUG com.github.dockerjava.zerodep.shaded.org.apache.hc.client5.http.impl.classic.InternalHttpClient - ex-00000005: acquired endpoint ep-00000004
15:39:03.228 [main] DEBUG com.github.dockerjava.zerodep.shaded.org.apache.hc.client5.http.impl.classic.MainClientExec - ex-00000005: executing POST /v1.32/containers/641c35016b154f1c7d3537e1f158ed6e87be846cc1d0fb3637366fb7abfc6aca/start HTTP/1.1
15:39:03.228 [main] DEBUG com.github.dockerjava.zerodep.shaded.org.apache.hc.client5.http.impl.classic.InternalHttpClient - ep-00000004: start execution ex-00000005
15:39:03.228 [main] DEBUG com.github.dockerjava.zerodep.shaded.org.apache.hc.client5.http.impl.io.PoolingHttpClientConnectionManager - ep-00000004: executing exchange ex-00000005 over http-outgoing-0
15:39:03.228 [main] DEBUG com.github.dockerjava.zerodep.shaded.org.apache.hc.client5.http.headers - http-outgoing-0 >> POST /v1.32/containers/641c35016b154f1c7d3537e1f158ed6e87be846cc1d0fb3637366fb7abfc6aca/start HTTP/1.1
15:39:03.228 [main] DEBUG com.github.dockerjava.zerodep.shaded.org.apache.hc.client5.http.headers - http-outgoing-0 >> accept: application/json
15:39:03.228 [main] DEBUG com.github.dockerjava.zerodep.shaded.org.apache.hc.client5.http.headers - http-outgoing-0 >> content-type: application/json
15:39:03.228 [main] DEBUG com.github.dockerjava.zerodep.shaded.org.apache.hc.client5.http.headers - http-outgoing-0 >> x-tc-sid: 39fd1862-5e0e-4318-8721-e9f779ad8699
15:39:03.228 [main] DEBUG com.github.dockerjava.zerodep.shaded.org.apache.hc.client5.http.headers - http-outgoing-0 >> User-Agent: tc-java/1.19.3
15:39:03.228 [main] DEBUG com.github.dockerjava.zerodep.shaded.org.apache.hc.client5.http.headers - http-outgoing-0 >> Accept-Encoding: gzip, x-gzip, deflate
15:39:03.228 [main] DEBUG com.github.dockerjava.zerodep.shaded.org.apache.hc.client5.http.headers - http-outgoing-0 >> Host: localhost:2375
15:39:03.228 [main] DEBUG com.github.dockerjava.zerodep.shaded.org.apache.hc.client5.http.headers - http-outgoing-0 >> Connection: keep-alive
15:39:03.228 [main] DEBUG com.github.dockerjava.zerodep.shaded.org.apache.hc.client5.http.wire - http-outgoing-0 >> "POST /v1.32/containers/641c35016b154f1c7d3537e1f158ed6e87be846cc1d0fb3637366fb7abfc6aca/start HTTP/1.1[\r][\n]"
15:39:03.228 [main] DEBUG com.github.dockerjava.zerodep.shaded.org.apache.hc.client5.http.wire - http-outgoing-0 >> "accept: application/json[\r][\n]"
15:39:03.228 [main] DEBUG com.github.dockerjava.zerodep.shaded.org.apache.hc.client5.http.wire - http-outgoing-0 >> "content-type: application/json[\r][\n]"
15:39:03.228 [main] DEBUG com.github.dockerjava.zerodep.shaded.org.apache.hc.client5.http.wire - http-outgoing-0 >> "x-tc-sid: 39fd1862-5e0e-4318-8721-e9f779ad8699[\r][\n]"
15:39:03.228 [main] DEBUG com.github.dockerjava.zerodep.shaded.org.apache.hc.client5.http.wire - http-outgoing-0 >> "User-Agent: tc-java/1.19.3[\r][\n]"
15:39:03.228 [main] DEBUG com.github.dockerjava.zerodep.shaded.org.apache.hc.client5.http.wire - http-outgoing-0 >> "Accept-Encoding: gzip, x-gzip, deflate[\r][\n]"
15:39:03.228 [main] DEBUG com.github.dockerjava.zerodep.shaded.org.apache.hc.client5.http.wire - http-outgoing-0 >> "Host: localhost:2375[\r][\n]"
15:39:03.228 [main] DEBUG com.github.dockerjava.zerodep.shaded.org.apache.hc.client5.http.wire - http-outgoing-0 >> "Connection: keep-alive[\r][\n]"
15:39:03.228 [main] DEBUG com.github.dockerjava.zerodep.shaded.org.apache.hc.client5.http.wire - http-outgoing-0 >> "[\r][\n]"
15:39:03.907 [main] DEBUG com.github.dockerjava.zerodep.shaded.org.apache.hc.client5.http.wire - http-outgoing-0 << "HTTP/1.1 204 No Content[\r][\n]"
15:39:03.908 [main] DEBUG com.github.dockerjava.zerodep.shaded.org.apache.hc.client5.http.wire - http-outgoing-0 << "Api-Version: 1.48[\r][\n]"
15:39:03.908 [main] DEBUG com.github.dockerjava.zerodep.shaded.org.apache.hc.client5.http.wire - http-outgoing-0 << "Date: Fri, 23 May 2025 12:39:03 GMT[\r][\n]"
15:39:03.908 [main] DEBUG com.github.dockerjava.zerodep.shaded.org.apache.hc.client5.http.wire - http-outgoing-0 << "Docker-Experimental: false[\r][\n]"
15:39:03.908 [main] DEBUG com.github.dockerjava.zerodep.shaded.org.apache.hc.client5.http.wire - http-outgoing-0 << "Ostype: linux[\r][\n]"
15:39:03.908 [main] DEBUG com.github.dockerjava.zerodep.shaded.org.apache.hc.client5.http.wire - http-outgoing-0 << "Server: Docker/28.0.1 (linux)[\r][\n]"
15:39:03.908 [main] DEBUG com.github.dockerjava.zerodep.shaded.org.apache.hc.client5.http.wire - http-outgoing-0 << "[\r][\n]"
15:39:03.908 [main] DEBUG com.github.dockerjava.zerodep.shaded.org.apache.hc.client5.http.headers - http-outgoing-0 << HTTP/1.1 204 No Content
15:39:03.908 [main] DEBUG com.github.dockerjava.zerodep.shaded.org.apache.hc.client5.http.headers - http-outgoing-0 << Api-Version: 1.48
15:39:03.908 [main] DEBUG com.github.dockerjava.zerodep.shaded.org.apache.hc.client5.http.headers - http-outgoing-0 << Date: Fri, 23 May 2025 12:39:03 GMT
15:39:03.908 [main] DEBUG com.github.dockerjava.zerodep.shaded.org.apache.hc.client5.http.headers - http-outgoing-0 << Docker-Experimental: false
15:39:03.908 [main] DEBUG com.github.dockerjava.zerodep.shaded.org.apache.hc.client5.http.headers - http-outgoing-0 << Ostype: linux
15:39:03.908 [main] DEBUG com.github.dockerjava.zerodep.shaded.org.apache.hc.client5.http.headers - http-outgoing-0 << Server: Docker/28.0.1 (linux)
15:39:03.908 [main] DEBUG com.github.dockerjava.zerodep.shaded.org.apache.hc.client5.http.impl.classic.MainClientExec - ex-00000005: connection can be kept alive for 3 MINUTES
15:39:03.908 [main] DEBUG com.github.dockerjava.zerodep.shaded.org.apache.hc.client5.http.impl.classic.InternalHttpClient - ep-00000004: releasing valid endpoint
15:39:03.908 [main] DEBUG com.github.dockerjava.zerodep.shaded.org.apache.hc.client5.http.impl.io.PoolingHttpClientConnectionManager - ep-00000004: releasing endpoint
15:39:03.908 [main] DEBUG com.github.dockerjava.zerodep.shaded.org.apache.hc.client5.http.impl.io.PoolingHttpClientConnectionManager - ep-00000004: connection http-outgoing-0 can be kept alive for 3 MINUTES
15:39:03.908 [main] DEBUG com.github.dockerjava.zerodep.shaded.org.apache.hc.client5.http.impl.io.PoolingHttpClientConnectionManager - ep-00000004: connection released [route: {}->npipe://localhost:2375][total available: 1; route allocated: 1 of 2147483647; total allocated: 1 of 2147483647]
15:39:03.921 [main] DEBUG org.testcontainers.shaded.com.github.dockerjava.core.command.AbstrDockerCmd - Cmd: 641c35016b154f1c7d3537e1f158ed6e87be846cc1d0fb3637366fb7abfc6aca,false
15:39:03.923 [main] DEBUG org.testcontainers.shaded.com.github.dockerjava.core.exec.InspectContainerCmdExec - GET: DefaultWebTarget{path=[/containers/641c35016b154f1c7d3537e1f158ed6e87be846cc1d0fb3637366fb7abfc6aca/json], queryParams={}}
15:39:03.924 [main] DEBUG com.github.dockerjava.zerodep.shaded.org.apache.hc.client5.http.impl.classic.InternalHttpClient - ex-00000006: preparing request execution
15:39:03.924 [main] DEBUG com.github.dockerjava.zerodep.shaded.org.apache.hc.client5.http.protocol.RequestAddCookies - Cookie spec selected: strict
15:39:03.924 [main] DEBUG com.github.dockerjava.zerodep.shaded.org.apache.hc.client5.http.protocol.RequestAuthCache - Auth cache not set in the context
15:39:03.924 [main] DEBUG com.github.dockerjava.zerodep.shaded.org.apache.hc.client5.http.impl.classic.ProtocolExec - ex-00000006: target auth state: UNCHALLENGED
15:39:03.924 [main] DEBUG com.github.dockerjava.zerodep.shaded.org.apache.hc.client5.http.impl.classic.ProtocolExec - ex-00000006: proxy auth state: UNCHALLENGED
15:39:03.924 [main] DEBUG com.github.dockerjava.zerodep.shaded.org.apache.hc.client5.http.impl.classic.ConnectExec - ex-00000006: acquiring connection with route {}->npipe://localhost:2375
15:39:03.924 [main] DEBUG com.github.dockerjava.zerodep.shaded.org.apache.hc.client5.http.impl.classic.InternalHttpClient - ex-00000006: acquiring endpoint (3 MINUTES)
15:39:03.924 [main] DEBUG com.github.dockerjava.zerodep.shaded.org.apache.hc.client5.http.impl.io.PoolingHttpClientConnectionManager - ex-00000006: endpoint lease request (3 MINUTES) [route: {}->npipe://localhost:2375][total available: 1; route allocated: 1 of 2147483647; total allocated: 1 of 2147483647]
15:39:03.924 [main] DEBUG com.github.dockerjava.zerodep.shaded.org.apache.hc.client5.http.impl.io.PoolingHttpClientConnectionManager - ex-00000006: endpoint leased [route: {}->npipe://localhost:2375][total available: 0; route allocated: 1 of 2147483647; total allocated: 1 of 2147483647]
15:39:03.924 [main] DEBUG com.github.dockerjava.zerodep.shaded.org.apache.hc.client5.http.impl.io.PoolingHttpClientConnectionManager - ex-00000006: acquired ep-00000005
15:39:03.924 [main] DEBUG com.github.dockerjava.zerodep.shaded.org.apache.hc.client5.http.impl.classic.InternalHttpClient - ex-00000006: acquired endpoint ep-00000005
15:39:03.924 [main] DEBUG com.github.dockerjava.zerodep.shaded.org.apache.hc.client5.http.impl.classic.MainClientExec - ex-00000006: executing GET /v1.32/containers/641c35016b154f1c7d3537e1f158ed6e87be846cc1d0fb3637366fb7abfc6aca/json HTTP/1.1
15:39:03.924 [main] DEBUG com.github.dockerjava.zerodep.shaded.org.apache.hc.client5.http.impl.classic.InternalHttpClient - ep-00000005: start execution ex-00000006
15:39:03.924 [main] DEBUG com.github.dockerjava.zerodep.shaded.org.apache.hc.client5.http.impl.io.PoolingHttpClientConnectionManager - ep-00000005: executing exchange ex-00000006 over http-outgoing-0
15:39:03.925 [main] DEBUG com.github.dockerjava.zerodep.shaded.org.apache.hc.client5.http.headers - http-outgoing-0 >> GET /v1.32/containers/641c35016b154f1c7d3537e1f158ed6e87be846cc1d0fb3637366fb7abfc6aca/json HTTP/1.1
15:39:03.925 [main] DEBUG com.github.dockerjava.zerodep.shaded.org.apache.hc.client5.http.headers - http-outgoing-0 >> accept: application/json
15:39:03.925 [main] DEBUG com.github.dockerjava.zerodep.shaded.org.apache.hc.client5.http.headers - http-outgoing-0 >> x-tc-sid: 39fd1862-5e0e-4318-8721-e9f779ad8699
15:39:03.925 [main] DEBUG com.github.dockerjava.zerodep.shaded.org.apache.hc.client5.http.headers - http-outgoing-0 >> User-Agent: tc-java/1.19.3
15:39:03.925 [main] DEBUG com.github.dockerjava.zerodep.shaded.org.apache.hc.client5.http.headers - http-outgoing-0 >> Accept-Encoding: gzip, x-gzip, deflate
15:39:03.925 [main] DEBUG com.github.dockerjava.zerodep.shaded.org.apache.hc.client5.http.headers - http-outgoing-0 >> Host: localhost:2375
15:39:03.925 [main] DEBUG com.github.dockerjava.zerodep.shaded.org.apache.hc.client5.http.headers - http-outgoing-0 >> Connection: keep-alive
15:39:03.925 [main] DEBUG com.github.dockerjava.zerodep.shaded.org.apache.hc.client5.http.wire - http-outgoing-0 >> "GET /v1.32/containers/641c35016b154f1c7d3537e1f158ed6e87be846cc1d0fb3637366fb7abfc6aca/json HTTP/1.1[\r][\n]"
15:39:03.925 [main] DEBUG com.github.dockerjava.zerodep.shaded.org.apache.hc.client5.http.wire - http-outgoing-0 >> "accept: application/json[\r][\n]"
15:39:03.925 [main] DEBUG com.github.dockerjava.zerodep.shaded.org.apache.hc.client5.http.wire - http-outgoing-0 >> "x-tc-sid: 39fd1862-5e0e-4318-8721-e9f779ad8699[\r][\n]"
15:39:03.925 [main] DEBUG com.github.dockerjava.zerodep.shaded.org.apache.hc.client5.http.wire - http-outgoing-0 >> "User-Agent: tc-java/1.19.3[\r][\n]"
15:39:03.925 [main] DEBUG com.github.dockerjava.zerodep.shaded.org.apache.hc.client5.http.wire - http-outgoing-0 >> "Accept-Encoding: gzip, x-gzip, deflate[\r][\n]"
15:39:03.925 [main] DEBUG com.github.dockerjava.zerodep.shaded.org.apache.hc.client5.http.wire - http-outgoing-0 >> "Host: localhost:2375[\r][\n]"
15:39:03.925 [main] DEBUG com.github.dockerjava.zerodep.shaded.org.apache.hc.client5.http.wire - http-outgoing-0 >> "Connection: keep-alive[\r][\n]"
15:39:03.926 [main] DEBUG com.github.dockerjava.zerodep.shaded.org.apache.hc.client5.http.wire - http-outgoing-0 >> "[\r][\n]"
15:39:03.951 [main] DEBUG com.github.dockerjava.zerodep.shaded.org.apache.hc.client5.http.wire - http-outgoing-0 << "HTTP/1.1 200 OK[\r][\n]"
15:39:03.951 [main] DEBUG com.github.dockerjava.zerodep.shaded.org.apache.hc.client5.http.wire - http-outgoing-0 << "Api-Version: 1.48[\r][\n]"
15:39:03.951 [main] DEBUG com.github.dockerjava.zerodep.shaded.org.apache.hc.client5.http.wire - http-outgoing-0 << "Content-Type: application/json[\r][\n]"
15:39:03.951 [main] DEBUG com.github.dockerjava.zerodep.shaded.org.apache.hc.client5.http.wire - http-outgoing-0 << "Date: Fri, 23 May 2025 12:39:03 GMT[\r][\n]"
15:39:03.951 [main] DEBUG com.github.dockerjava.zerodep.shaded.org.apache.hc.client5.http.wire - http-outgoing-0 << "Docker-Experimental: false[\r][\n]"
15:39:03.951 [main] DEBUG com.github.dockerjava.zerodep.shaded.org.apache.hc.client5.http.wire - http-outgoing-0 << "Ostype: linux[\r][\n]"
15:39:03.951 [main] DEBUG com.github.dockerjava.zerodep.shaded.org.apache.hc.client5.http.wire - http-outgoing-0 << "Server: Docker/28.0.1 (linux)[\r][\n]"
15:39:03.951 [main] DEBUG com.github.dockerjava.zerodep.shaded.org.apache.hc.client5.http.wire - http-outgoing-0 << "Transfer-Encoding: chunked[\r][\n]"
15:39:03.951 [main] DEBUG com.github.dockerjava.zerodep.shaded.org.apache.hc.client5.http.wire - http-outgoing-0 << "[\r][\n]"
15:39:03.952 [main] DEBUG com.github.dockerjava.zerodep.shaded.org.apache.hc.client5.http.headers - http-outgoing-0 << HTTP/1.1 200 OK
15:39:03.952 [main] DEBUG com.github.dockerjava.zerodep.shaded.org.apache.hc.client5.http.headers - http-outgoing-0 << Api-Version: 1.48
15:39:03.952 [main] DEBUG com.github.dockerjava.zerodep.shaded.org.apache.hc.client5.http.headers - http-outgoing-0 << Content-Type: application/json
15:39:03.952 [main] DEBUG com.github.dockerjava.zerodep.shaded.org.apache.hc.client5.http.headers - http-outgoing-0 << Date: Fri, 23 May 2025 12:39:03 GMT
15:39:03.952 [main] DEBUG com.github.dockerjava.zerodep.shaded.org.apache.hc.client5.http.headers - http-outgoing-0 << Docker-Experimental: false
15:39:03.952 [main] DEBUG com.github.dockerjava.zerodep.shaded.org.apache.hc.client5.http.headers - http-outgoing-0 << Ostype: linux
15:39:03.952 [main] DEBUG com.github.dockerjava.zerodep.shaded.org.apache.hc.client5.http.headers - http-outgoing-0 << Server: Docker/28.0.1 (linux)
15:39:03.952 [main] DEBUG com.github.dockerjava.zerodep.shaded.org.apache.hc.client5.http.headers - http-outgoing-0 << Transfer-Encoding: chunked
15:39:03.952 [main] DEBUG com.github.dockerjava.zerodep.shaded.org.apache.hc.client5.http.impl.classic.MainClientExec - ex-00000006: connection can be kept alive for 3 MINUTES
[...]
INFO  [PerDiskMemtableFlushWriter_0:2] 2025-05-23 12:39:55,066 Flushing.java:145 - Writing Memtable-indexes@133873911(0.200KiB serialized bytes, 3 ops, 1.089KiB (0%) on-heap, 0.000KiB (0%) off-heap), flushed range = [null, null)
INFO  [PerDiskMemtableFlushWriter_0:2] 2025-05-23 12:39:55,068 Flushing.java:171 - Completed flushing /var/lib/cassandra/data/system_schema/indexes-0feb57ac311f382fba6d9024d305702f/nb-1-big-Data.db (0.191KiB) for commitlog position CommitLogPosition(segmentId=1748003986840, position=36767)
INFO  [MemtableFlushWriter:1] 2025-05-23 12:39:55,164 LogTransaction.java:242 - Unfinished transaction log, deleting /var/lib/cassandra/data/system_schema/indexes-0feb57ac311f382fba6d9024d305702f/nb_txn_flush_0767b6b0-37d3-11f0-8ca2-697341166934.log 
INFO  [main] 2025-05-23 12:39:55,172 ColumnFamilyStore.java:1012 - Enqueuing flush of system_schema.tables, Reason: INTERNALLY_FORCED, Usage: 82.249KiB (0%) on-heap, 0.000KiB (0%) off-heap
INFO  [PerDiskMemtableFlushWriter_0:1] 2025-05-23 12:39:55,189 Flushing.java:145 - Writing Memtable-tables@5572406(25.119KiB serialized bytes, 37 ops, 82.249KiB (0%) on-heap, 0.000KiB (0%) off-heap), flushed range = [null, null)
INFO  [PerDiskMemtableFlushWriter_0:1] 2025-05-23 12:39:55,192 Flushing.java:171 - Completed flushing /var/lib/cassandra/data/system_schema/tables-afddfb9dbc1e30688056eed6c302ba09/nb-1-big-Data.db (15.487KiB) for commitlog position CommitLogPosition(segmentId=1748003986840, position=36767)
INFO  [MemtableFlushWriter:2] 2025-05-23 12:39:55,250 LogTransaction.java:242 - Unfinished transaction log, deleting /var/lib/cassandra/data/system_schema/tables-afddfb9dbc1e30688056eed6c302ba09/nb_txn_flush_077cc550-37d3-11f0-8ca2-697341166934.log 
INFO  [main] 2025-05-23 12:39:55,256 ColumnFamilyStore.java:1012 - Enqueuing flush of system_schema.views, Reason: INTERNALLY_FORCED, Usage: 0.511KiB (0%) on-heap, 0.000KiB (0%) off-heap
INFO  [PerDiskMemtableFlushWriter_0:2] 2025-05-23 12:39:55,279 Flushing.java:145 - Writing Memtable-views@1351798850(0.016KiB serialized bytes, 2 ops, 0.511KiB (0%) on-heap, 0.000KiB (0%) off-heap), flushed range = [null, null)
INFO  [PerDiskMemtableFlushWriter_0:2] 2025-05-23 12:39:55,280 Flushing.java:171 - Completed flushing /var/lib/cassandra/data/system_schema/views-9786ac1cdd583201a7cdad556410c985/nb-1-big-Data.db (0.048KiB) for commitlog position CommitLogPosition(segmentId=1748003986840, position=36767)
INFO  [MemtableFlushWriter:1] 2025-05-23 12:39:55,342 LogTransaction.java:242 - Unfinished transaction log, deleting /var/lib/cassandra/data/system_schema/views-9786ac1cdd583201a7cdad556410c985/nb_txn_flush_0789e4b0-37d3-11f0-8ca2-697341166934.log 
INFO  [main] 2025-05-23 12:39:55,358 ColumnFamilyStore.java:1012 - Enqueuing flush of system_schema.keyspaces, Reason: INTERNALLY_FORCED, Usage: 1.957KiB (0%) on-heap, 0.000KiB (0%) off-heap
INFO  [PerDiskMemtableFlushWriter_0:1] 2025-05-23 12:39:55,511 Flushing.java:145 - Writing Memtable-keyspaces@1673784360(0.382KiB serialized bytes, 5 ops, 1.957KiB (0%) on-heap, 0.000KiB (0%) off-heap), flushed range = [null, null)
INFO  [PerDiskMemtableFlushWriter_0:1] 2025-05-23 12:39:55,513 Flushing.java:171 - Completed flushing /var/lib/cassandra/data/system_schema/keyspaces-abac5682dea631c5b535b3d6cffd0fb6/nb-1-big-Data.db (0.311KiB) for commitlog position CommitLogPosition(segmentId=1748003986840, position=36767)
INFO  [MemtableFlushWriter:2] 2025-05-23 12:39:55,588 LogTransaction.java:242 - Unfinished transaction log, deleting /var/lib/cassandra/data/system_schema/keyspaces-abac5682dea631c5b535b3d6cffd0fb6/nb_txn_flush_079926f0-37d3-11f0-8ca2-697341166934.log 
INFO  [main] 2025-05-23 12:39:55,638 Keyspace.java:381 - Creating replication strategy system_traces params KeyspaceParams{durable_writes=true, replication=ReplicationParams{class=org.apache.cassandra.locator.SimpleStrategy, replication_factor=2}}
INFO  [main] 2025-05-23 12:39:55,662 ColumnFamilyStore.java:484 - Initializing system_traces.sessions
INFO  [main] 2025-05-23 12:39:55,671 ColumnFamilyStore.java:484 - Initializing system_traces.events
INFO  [main] 2025-05-23 12:39:55,730 ColumnFamilyStore.java:1012 - Enqueuing flush of system_schema.columns, Reason: INTERNALLY_FORCED, Usage: 23.671KiB (0%) on-heap, 0.000KiB (0%) off-heap
INFO  [PerDiskMemtableFlushWriter_0:2] 2025-05-23 12:39:55,772 Flushing.java:145 - Writing Memtable-columns@1453975598(5.126KiB serialized bytes, 32 ops, 23.671KiB (0%) on-heap, 0.000KiB (0%) off-heap), flushed range = [null, null)
INFO  [PerDiskMemtableFlushWriter_0:2] 2025-05-23 12:39:55,774 Flushing.java:171 - Completed flushing /var/lib/cassandra/data/system_schema/columns-24101c25a2ae3af787c1b40ee1aca33f/nb-2-big-Data.db (2.494KiB) for commitlog position CommitLogPosition(segmentId=1748003986840, position=41858)
INFO  [MemtableFlushWriter:1] 2025-05-23 12:39:55,968 LogTransaction.java:242 - Unfinished transaction log, deleting /var/lib/cassandra/data/system_schema/columns-24101c25a2ae3af787c1b40ee1aca33f/nb_txn_flush_07d28670-37d3-11f0-8ca2-697341166934.log 
INFO  [main] 2025-05-23 12:39:55,994 ColumnFamilyStore.java:1012 - Enqueuing flush of system_schema.tables, Reason: INTERNALLY_FORCED, Usage: 9.695KiB (0%) on-heap, 0.000KiB (0%) off-heap
INFO  [PerDiskMemtableFlushWriter_0:1] 2025-05-23 12:39:56,040 Flushing.java:145 - Writing Memtable-tables@994761569(3.006KiB serialized bytes, 4 ops, 9.695KiB (0%) on-heap, 0.000KiB (0%) off-heap), flushed range = [null, null)
INFO  [PerDiskMemtableFlushWriter_0:1] 2025-05-23 12:39:56,042 Flushing.java:171 - Completed flushing /var/lib/cassandra/data/system_schema/tables-afddfb9dbc1e30688056eed6c302ba09/nb-2-big-Data.db (1.910KiB) for commitlog position CommitLogPosition(segmentId=1748003986840, position=41866)
INFO  [MemtableFlushWriter:2] 2025-05-23 12:39:56,156 LogTransaction.java:242 - Unfinished transaction log, deleting /var/lib/cassandra/data/system_schema/tables-afddfb9dbc1e30688056eed6c302ba09/nb_txn_flush_07fa32b0-37d3-11f0-8ca2-697341166934.log 
INFO  [main] 2025-05-23 12:39:56,163 ColumnFamilyStore.java:1012 - Enqueuing flush of system_schema.keyspaces, Reason: INTERNALLY_FORCED, Usage: 0.646KiB (0%) on-heap, 0.000KiB (0%) off-heap
INFO  [PerDiskMemtableFlushWriter_0:2] 2025-05-23 12:39:56,181 Flushing.java:145 - Writing Memtable-keyspaces@1550607554(0.146KiB serialized bytes, 1 ops, 0.646KiB (0%) on-heap, 0.000KiB (0%) off-heap), flushed range = [null, null)
INFO  [PerDiskMemtableFlushWriter_0:2] 2025-05-23 12:39:56,182 Flushing.java:171 - Completed flushing /var/lib/cassandra/data/system_schema/keyspaces-abac5682dea631c5b535b3d6cffd0fb6/nb-2-big-Data.db (0.125KiB) for commitlog position CommitLogPosition(segmentId=1748003986840, position=41866)
INFO  [MemtableFlushWriter:1] 2025-05-23 12:39:56,238 LogTransaction.java:242 - Unfinished transaction log, deleting /var/lib/cassandra/data/system_schema/keyspaces-abac5682dea631c5b535b3d6cffd0fb6/nb_txn_flush_0813fc40-37d3-11f0-8ca2-697341166934.log 
INFO  [main] 2025-05-23 12:39:56,290 Keyspace.java:381 - Creating replication strategy system_distributed params KeyspaceParams{durable_writes=true, replication=ReplicationParams{class=org.apache.cassandra.locator.SimpleStrategy, replication_factor=3}}
INFO  [main] 2025-05-23 12:39:56,301 ColumnFamilyStore.java:484 - Initializing system_distributed.repair_history
INFO  [main] 2025-05-23 12:39:56,326 ColumnFamilyStore.java:484 - Initializing system_distributed.parent_repair_history
INFO  [main] 2025-05-23 12:39:56,344 ColumnFamilyStore.java:484 - Initializing system_distributed.view_build_status
INFO  [main] 2025-05-23 12:39:56,350 ColumnFamilyStore.java:484 - Initializing system_distributed.partition_denylist
INFO  [main] 2025-05-23 12:39:56,420 ColumnFamilyStore.java:1012 - Enqueuing flush of system_schema.columns, Reason: INTERNALLY_FORCED, Usage: 10.312KiB (0%) on-heap, 0.000KiB (0%) off-heap
INFO  [PerDiskMemtableFlushWriter_0:1] 2025-05-23 12:39:56,569 Flushing.java:145 - Writing Memtable-columns@332527499(2.092KiB serialized bytes, 14 ops, 10.312KiB (0%) on-heap, 0.000KiB (0%) off-heap), flushed range = [null, null)
INFO  [PerDiskMemtableFlushWriter_0:1] 2025-05-23 12:39:56,571 Flushing.java:171 - Completed flushing /var/lib/cassandra/data/system_schema/columns-24101c25a2ae3af787c1b40ee1aca33f/nb-3-big-Data.db (0.947KiB) for commitlog position CommitLogPosition(segmentId=1748003986840, position=45730)
INFO  [MemtableFlushWriter:2] 2025-05-23 12:39:57,006 LogTransaction.java:242 - Unfinished transaction log, deleting /var/lib/cassandra/data/system_schema/columns-24101c25a2ae3af787c1b40ee1aca33f/nb_txn_flush_083b3350-37d3-11f0-8ca2-697341166934.log 
INFO  [main] 2025-05-23 12:39:57,031 ColumnFamilyStore.java:1012 - Enqueuing flush of system_schema.tables, Reason: INTERNALLY_FORCED, Usage: 11.906KiB (0%) on-heap, 0.000KiB (0%) off-heap
INFO  [PerDiskMemtableFlushWriter_0:2] 2025-05-23 12:39:57,077 Flushing.java:145 - Writing Memtable-tables@230750912(3.619KiB serialized bytes, 5 ops, 11.906KiB (0%) on-heap, 0.000KiB (0%) off-heap), flushed range = [null, null)
INFO  [PerDiskMemtableFlushWriter_0:2] 2025-05-23 12:39:57,079 Flushing.java:171 - Completed flushing /var/lib/cassandra/data/system_schema/tables-afddfb9dbc1e30688056eed6c302ba09/nb-3-big-Data.db (2.234KiB) for commitlog position CommitLogPosition(segmentId=1748003986840, position=45738)
INFO  [MemtableFlushWriter:1] 2025-05-23 12:39:57,162 LogTransaction.java:242 - Unfinished transaction log, deleting /var/lib/cassandra/data/system_schema/tables-afddfb9dbc1e30688056eed6c302ba09/nb_txn_flush_08986e80-37d3-11f0-8ca2-697341166934.log 
INFO  [main] 2025-05-23 12:39:57,170 ColumnFamilyStore.java:1012 - Enqueuing flush of system_schema.keyspaces, Reason: INTERNALLY_FORCED, Usage: 0.640KiB (0%) on-heap, 0.000KiB (0%) off-heap
INFO  [PerDiskMemtableFlushWriter_0:1] 2025-05-23 12:39:57,374 Flushing.java:145 - Writing Memtable-keyspaces@999632496(0.146KiB serialized bytes, 1 ops, 0.640KiB (0%) on-heap, 0.000KiB (0%) off-heap), flushed range = [null, null)
INFO  [PerDiskMemtableFlushWriter_0:1] 2025-05-23 12:39:57,375 Flushing.java:171 - Completed flushing /var/lib/cassandra/data/system_schema/keyspaces-abac5682dea631c5b535b3d6cffd0fb6/nb-3-big-Data.db (0.118KiB) for commitlog position CommitLogPosition(segmentId=1748003986840, position=45738)
INFO  [MemtableFlushWriter:2] 2025-05-23 12:39:57,570 LogTransaction.java:242 - Unfinished transaction log, deleting /var/lib/cassandra/data/system_schema/keyspaces-abac5682dea631c5b535b3d6cffd0fb6/nb_txn_flush_08adcb40-37d3-11f0-8ca2-697341166934.log 
INFO  [main] 2025-05-23 12:39:57,623 Keyspace.java:381 - Creating replication strategy system_auth params KeyspaceParams{durable_writes=true, replication=ReplicationParams{class=org.apache.cassandra.locator.SimpleStrategy, replication_factor=1}}
INFO  [main] 2025-05-23 12:39:57,634 ColumnFamilyStore.java:484 - Initializing system_auth.roles
INFO  [main] 2025-05-23 12:39:57,652 ColumnFamilyStore.java:484 - Initializing system_auth.role_members
INFO  [main] 2025-05-23 12:39:57,661 ColumnFamilyStore.java:484 - Initializing system_auth.role_permissions
INFO  [main] 2025-05-23 12:39:57,675 ColumnFamilyStore.java:484 - Initializing system_auth.resource_role_permissons_index
INFO  [main] 2025-05-23 12:39:57,692 ColumnFamilyStore.java:484 - Initializing system_auth.network_permissions
INFO  [main] 2025-05-23 12:39:57,708 StorageService.java:1893 - JOINING: Finish joining ring
INFO  [main] 2025-05-23 12:39:57,725 ColumnFamilyStore.java:1012 - Enqueuing flush of system.local, Reason: INTERNALLY_FORCED, Usage: 0.604KiB (0%) on-heap, 0.000KiB (0%) off-heap
INFO  [PerDiskMemtableFlushWriter_0:2] 2025-05-23 12:39:57,776 Flushing.java:145 - Writing Memtable-local@1268136954(0.084KiB serialized bytes, 4 ops, 0.604KiB (0%) on-heap, 0.000KiB (0%) off-heap), flushed range = [null, null)
INFO  [PerDiskMemtableFlushWriter_0:2] 2025-05-23 12:39:57,777 Flushing.java:171 - Completed flushing /var/lib/cassandra/data/system/local-7ad54392bcdd35a684174e047860b377/nb-6-big-Data.db (0.056KiB) for commitlog position CommitLogPosition(segmentId=1748003986840, position=45894)
INFO  [MemtableFlushWriter:1] 2025-05-23 12:39:57,843 LogTransaction.java:242 - Unfinished transaction log, deleting /var/lib/cassandra/data/system/local-7ad54392bcdd35a684174e047860b377/nb_txn_flush_09027af0-37d3-11f0-8ca2-697341166934.log 
INFO  [main] 2025-05-23 12:39:57,876 ColumnFamilyStore.java:1012 - Enqueuing flush of system.local, Reason: INTERNALLY_FORCED, Usage: 0.580KiB (0%) on-heap, 0.000KiB (0%) off-heap
INFO  [PerDiskMemtableFlushWriter_0:1] 2025-05-23 12:39:57,946 Flushing.java:145 - Writing Memtable-local@1196107654(0.057KiB serialized bytes, 1 ops, 0.580KiB (0%) on-heap, 0.000KiB (0%) off-heap), flushed range = [null, null)
INFO  [PerDiskMemtableFlushWriter_0:1] 2025-05-23 12:39:57,948 Flushing.java:171 - Completed flushing /var/lib/cassandra/data/system/local-7ad54392bcdd35a684174e047860b377/nb-7-big-Data.db (0.029KiB) for commitlog position CommitLogPosition(segmentId=1748003986840, position=45969)
INFO  [MemtableFlushWriter:2] 2025-05-23 12:39:58,042 LogTransaction.java:242 - Unfinished transaction log, deleting /var/lib/cassandra/data/system/local-7ad54392bcdd35a684174e047860b377/nb_txn_flush_09195e50-37d3-11f0-8ca2-697341166934.log 
INFO  [main] 2025-05-23 12:39:58,070 StorageService.java:3084 - Node /172.17.0.4:7000 state jump to NORMAL
INFO  [main] 2025-05-23 12:39:58,134 CassandraDaemon.java:491 - Prewarming of auth caches is disabled
INFO  [main] 2025-05-23 12:39:58,196 NativeTransportService.java:130 - Using Netty Version: [netty-buffer=netty-buffer-4.1.58.Final.10b03e6, netty-codec=netty-codec-4.1.58.Final.10b03e6, netty-codec-dns=netty-codec-dns-4.1.58.Final.10b03e6, netty-codec-haproxy=netty-codec-haproxy-4.1.58.Final.10b03e6, netty-codec-http=netty-codec-http-4.1.58.Final.10b03e6, netty-codec-http2=netty-codec-http2-4.1.58.Final.10b03e6, netty-codec-memcache=netty-codec-memcache-4.1.58.Final.10b03e6, netty-codec-mqtt=netty-codec-mqtt-4.1.58.Final.10b03e6, netty-codec-redis=netty-codec-redis-4.1.58.Final.10b03e6, netty-codec-smtp=netty-codec-smtp-4.1.58.Final.10b03e6, netty-codec-socks=netty-codec-socks-4.1.58.Final.10b03e6, netty-codec-stomp=netty-codec-stomp-4.1.58.Final.10b03e6, netty-codec-xml=netty-codec-xml-4.1.58.Final.10b03e6, netty-common=netty-common-4.1.58.Final.10b03e6, netty-handler=netty-handler-4.1.58.Final.10b03e6, netty-handler-proxy=netty-handler-proxy-4.1.58.Final.10b03e6, netty-resolver=netty-resolver-4.1.58.Final.10b03e6, netty-resolver-dns=netty-resolver-dns-4.1.58.Final.10b03e6, netty-resolver-dns-native-macos=netty-resolver-dns-native-macos-4.1.58.Final.10b03e65f1, netty-transport=netty-transport-4.1.58.Final.10b03e6, netty-transport-native-epoll=netty-transport-native-epoll-4.1.58.Final.10b03e6, netty-transport-native-kqueue=netty-transport-native-kqueue-4.1.58.Final.10b03e65f1, netty-transport-native-unix-common=netty-transport-native-unix-common-4.1.58.Final.10b03e6, netty-transport-rxtx=netty-transport-rxtx-4.1.58.Final.10b03e6, netty-transport-sctp=netty-transport-sctp-4.1.58.Final.10b03e6, netty-transport-udt=netty-transport-udt-4.1.58.Final.10b03e6]
INFO  [CompactionExecutor:2] 2025-05-23 12:39:58,225 CompactionTask.java:164 - Compacting (0948d2c0-37d3-11f0-8ca2-697341166934) [/var/lib/cassandra/data/system/local-7ad54392bcdd35a684174e047860b377/nb-1-big-Data.db:level=0, /var/lib/cassandra/data/system/local-7ad54392bcdd35a684174e047860b377/nb-4-big-Data.db:level=0, /var/lib/cassandra/data/system/local-7ad54392bcdd35a684174e047860b377/nb-5-big-Data.db:level=0, /var/lib/cassandra/data/system/local-7ad54392bcdd35a684174e047860b377/nb-2-big-Data.db:level=0, /var/lib/cassandra/data/system/local-7ad54392bcdd35a684174e047860b377/nb-3-big-Data.db:level=0, /var/lib/cassandra/data/system/local-7ad54392bcdd35a684174e047860b377/nb-7-big-Data.db:level=0, /var/lib/cassandra/data/system/local-7ad54392bcdd35a684174e047860b377/nb-6-big-Data.db:level=0, ]
INFO  [main] 2025-05-23 12:39:58,252 NativeTransportService.java:68 - Netty using native Epoll event loop
INFO  [main] 2025-05-23 12:39:58,328 PipelineConfigurator.java:125 - Using Netty Version: [netty-buffer=netty-buffer-4.1.58.Final.10b03e6, netty-codec=netty-codec-4.1.58.Final.10b03e6, netty-codec-dns=netty-codec-dns-4.1.58.Final.10b03e6, netty-codec-haproxy=netty-codec-haproxy-4.1.58.Final.10b03e6, netty-codec-http=netty-codec-http-4.1.58.Final.10b03e6, netty-codec-http2=netty-codec-http2-4.1.58.Final.10b03e6, netty-codec-memcache=netty-codec-memcache-4.1.58.Final.10b03e6, netty-codec-mqtt=netty-codec-mqtt-4.1.58.Final.10b03e6, netty-codec-redis=netty-codec-redis-4.1.58.Final.10b03e6, netty-codec-smtp=netty-codec-smtp-4.1.58.Final.10b03e6, netty-codec-socks=netty-codec-socks-4.1.58.Final.10b03e6, netty-codec-stomp=netty-codec-stomp-4.1.58.Final.10b03e6, netty-codec-xml=netty-codec-xml-4.1.58.Final.10b03e6, netty-common=netty-common-4.1.58.Final.10b03e6, netty-handler=netty-handler-4.1.58.Final.10b03e6, netty-handler-proxy=netty-handler-proxy-4.1.58.Final.10b03e6, netty-resolver=netty-resolver-4.1.58.Final.10b03e6, netty-resolver-dns=netty-resolver-dns-4.1.58.Final.10b03e6, netty-resolver-dns-native-macos=netty-resolver-dns-native-macos-4.1.58.Final.10b03e65f1, netty-transport=netty-transport-4.1.58.Final.10b03e6, netty-transport-native-epoll=netty-transport-native-epoll-4.1.58.Final.10b03e6, netty-transport-native-kqueue=netty-transport-native-kqueue-4.1.58.Final.10b03e65f1, netty-transport-native-unix-common=netty-transport-native-unix-common-4.1.58.Final.10b03e6, netty-transport-rxtx=netty-transport-rxtx-4.1.58.Final.10b03e6, netty-transport-sctp=netty-transport-sctp-4.1.58.Final.10b03e6, netty-transport-udt=netty-transport-udt-4.1.58.Final.10b03e6]
INFO  [main] 2025-05-23 12:39:58,328 PipelineConfigurator.java:126 - Starting listening for CQL clients on /0.0.0.0:9042 (unencrypted)...
INFO  [main] 2025-05-23 12:39:58,347 CassandraDaemon.java:768 - Startup complete
INFO  [NonPeriodicTasks:1] 2025-05-23 12:39:58,928 SSTable.java:127 - Deleting sstable: /var/lib/cassandra/data/system/local-7ad54392bcdd35a684174e047860b377/nb-1-big
INFO  [CompactionExecutor:2] 2025-05-23 12:39:58,929 CompactionTask.java:253 - Compacted (0948d2c0-37d3-11f0-8ca2-697341166934) 7 sstables to [/var/lib/cassandra/data/system/local-7ad54392bcdd35a684174e047860b377/nb-8-big,] to level=0.  0.509KiB to 0.323KiB (~63% of original) in 695ms.  Read Throughput = 0.731KiB/s, Write Throughput = 0.464KiB/s, Row Throughput = ~2/s.  7 total partitions merged to 1.  Partition merge counts were {7:1, }. Time spent writing keys = 134ms
INFO  [NonPeriodicTasks:1] 2025-05-23 12:39:58,934 SSTable.java:127 - Deleting sstable: /var/lib/cassandra/data/system/local-7ad54392bcdd35a684174e047860b377/nb-4-big
INFO  [NonPeriodicTasks:1] 2025-05-23 12:39:58,940 SSTable.java:127 - Deleting sstable: /var/lib/cassandra/data/system/local-7ad54392bcdd35a684174e047860b377/nb-5-big
INFO  [NonPeriodicTasks:1] 2025-05-23 12:39:58,943 SSTable.java:127 - Deleting sstable: /var/lib/cassandra/data/system/local-7ad54392bcdd35a684174e047860b377/nb-2-big
INFO  [NonPeriodicTasks:1] 2025-05-23 12:39:58,946 SSTable.java:127 - Deleting sstable: /var/lib/cassandra/data/system/local-7ad54392bcdd35a684174e047860b377/nb-3-big
INFO  [NonPeriodicTasks:1] 2025-05-23 12:39:58,949 SSTable.java:127 - Deleting sstable: /var/lib/cassandra/data/system/local-7ad54392bcdd35a684174e047860b377/nb-7-big
INFO  [NonPeriodicTasks:1] 2025-05-23 12:39:58,955 SSTable.java:127 - Deleting sstable: /var/lib/cassandra/data/system/local-7ad54392bcdd35a684174e047860b377/nb-6-big

15:40:06.025 [main] DEBUG org.springframework.test.context.support.AbstractDirtiesContextTestExecutionListener - After test class: class [UserActionServiceTest], class annotated with @DirtiesContext [false] with mode [null]
]]></system-out>
  </testcase>
</testsuite>