<?xml version="1.0" encoding="UTF-8"?>
<testsuite xmlns:xsi="http://www.w3.org/2001/XMLSchema-instance" xsi:noNamespaceSchemaLocation="https://maven.apache.org/surefire/maven-surefire-plugin/xsd/surefire-test-report.xsd" name="main_package.service.UserActionServiceTest" time="51.554" tests="2" errors="0" skipped="0" failures="0">
  <properties>
[...]
</properties>
  <testcase name="testCreateUser" classname="main_package.service.UserActionServiceTest" time="1.892"/>
  <testcase name="testGetUserById" classname="main_package.service.UserActionServiceTest" time="0.004"/>
</testsuite>